[debug] [2025-04-18T15:42:22.044Z] ----------------------------------------------------------------------
[debug] [2025-04-18T15:42:22.047Z] Command:       C:\Program Files\nodejs\node.exe C:\Users\Admin\AppData\Roaming\npm\node_modules\firebase-tools\lib\bin\firebase.js functions:shell
[debug] [2025-04-18T15:42:22.048Z] CLI Version:   14.2.0
[debug] [2025-04-18T15:42:22.048Z] Platform:      win32
[debug] [2025-04-18T15:42:22.048Z] Node Version:  v22.13.0
[debug] [2025-04-18T15:42:22.048Z] Time:          Fri Apr 18 2025 22:42:22 GMT+0700 (เวลาอินโดจีน)
[debug] [2025-04-18T15:42:22.048Z] ----------------------------------------------------------------------
[debug] 
[debug] [2025-04-18T15:42:22.295Z] > command requires scopes: ["email","openid","https://www.googleapis.com/auth/cloudplatformprojects.readonly","https://www.googleapis.com/auth/firebase","https://www.googleapis.com/auth/cloud-platform"]
[debug] [2025-04-18T15:42:22.296Z] > authorizing via signed-in user (whyarethechamppion@gmail.com)
[debug] [2025-04-18T15:42:22.296Z] [iam] checking project air-qulity-in-u for permissions ["firebase.projects.get"]
[debug] [2025-04-18T15:42:22.298Z] Checked if tokens are valid: true, expires at: 1744992927268
[debug] [2025-04-18T15:42:22.298Z] Checked if tokens are valid: true, expires at: 1744992927268
[debug] [2025-04-18T15:42:22.302Z] >>> [apiv2][query] POST https://cloudresourcemanager.googleapis.com/v1/projects/air-qulity-in-u:testIamPermissions [none]
[debug] [2025-04-18T15:42:22.302Z] >>> [apiv2][(partial)header] POST https://cloudresourcemanager.googleapis.com/v1/projects/air-qulity-in-u:testIamPermissions x-goog-quota-user=projects/air-qulity-in-u
[debug] [2025-04-18T15:42:22.302Z] >>> [apiv2][body] POST https://cloudresourcemanager.googleapis.com/v1/projects/air-qulity-in-u:testIamPermissions {"permissions":["firebase.projects.get"]}
[debug] [2025-04-18T15:42:23.525Z] <<< [apiv2][status] POST https://cloudresourcemanager.googleapis.com/v1/projects/air-qulity-in-u:testIamPermissions 200
[debug] [2025-04-18T15:42:23.525Z] <<< [apiv2][body] POST https://cloudresourcemanager.googleapis.com/v1/projects/air-qulity-in-u:testIamPermissions {"permissions":["firebase.projects.get"]}
[debug] [2025-04-18T15:42:23.530Z] [functions] Functions Emulator only supports listening on one address (127.0.0.1). Not listening on ::1
[debug] [2025-04-18T15:42:23.557Z] defaultcredentials: writing to file C:\Users\Admin\AppData\Roaming\firebase\whyarethechamppion_gmail_com_application_default_credentials.json
[debug] [2025-04-18T15:42:23.559Z] DEBUG: Setting GAC to C:\Users\Admin\AppData\Roaming\firebase\whyarethechamppion_gmail_com_application_default_credentials.json
[debug] [2025-04-18T15:42:23.559Z] Checked if tokens are valid: true, expires at: 1744992927268
[debug] [2025-04-18T15:42:23.559Z] Checked if tokens are valid: true, expires at: 1744992927268
[debug] [2025-04-18T15:42:23.559Z] >>> [apiv2][query] GET https://firebase.googleapis.com/v1beta1/projects/air-qulity-in-u/adminSdkConfig [none]
[debug] [2025-04-18T15:42:24.274Z] <<< [apiv2][status] GET https://firebase.googleapis.com/v1beta1/projects/air-qulity-in-u/adminSdkConfig 200
[debug] [2025-04-18T15:42:24.274Z] <<< [apiv2][body] GET https://firebase.googleapis.com/v1beta1/projects/air-qulity-in-u/adminSdkConfig {"projectId":"air-qulity-in-u","databaseURL":"https://air-qulity-in-u-default-rtdb.asia-southeast1.firebasedatabase.app","storageBucket":"air-qulity-in-u.firebasestorage.app"}
[debug] [2025-04-18T15:42:24.287Z] [functions] Watching "D:\react\Air quality in University\functions" for Cloud Functions...
[debug] [2025-04-18T15:42:24.291Z] Validating nodejs source
[debug] [2025-04-18T15:42:25.556Z] > [functions] package.json contents: {
  "name": "functions",
  "version": "1.0.0",
  "main": "index.js",
  "engines": {
    "node": "18"
  },
  "keywords": [],
  "author": "",
  "license": "ISC",
  "description": "",
  "dependencies": {
    "firebase-admin": "^13.2.0",
    "firebase-functions": "^6.3.2"
  }
}
[debug] [2025-04-18T15:42:25.556Z] Building nodejs source
[debug] [2025-04-18T15:42:25.556Z] Failed to find version of module node: reached end of search path D:\react\Air quality in University\functions\node_modules
[warn] !  functions: Your requested "node" version "18" doesn't match your global version "22". Using node@22 from host. 
[debug] [2025-04-18T15:42:25.559Z] Could not find functions.yaml. Must use http discovery
[debug] [2025-04-18T15:42:25.567Z] Found firebase-functions binary at 'D:\react\Air quality in University\functions\node_modules\.bin\firebase-functions'
[info] Serving at port 8789

[error] (node:9708) [DEP0040] DeprecationWarning: The `punycode` module is deprecated. Please use a userland alternative instead.
(Use `node --trace-deprecation ...` to show where the warning was created)

[debug] [2025-04-18T15:42:27.346Z] Got response from /__/functions.yaml {"endpoints":{"trainModelDaily":{"availableMemoryMb":null,"timeoutSeconds":null,"minInstances":null,"maxInstances":null,"ingressSettings":null,"concurrency":null,"serviceAccountEmail":null,"vpc":null,"platform":"gcfv2","labels":{},"scheduleTrigger":{"schedule":"every day 06:00","retryConfig":{"retryCount":null,"maxDoublings":null,"maxRetrySeconds":null,"minBackoffSeconds":null,"maxBackoffSeconds":null},"timeZone":null},"entryPoint":"trainModelDaily"}},"specVersion":"v1alpha1","requiredAPIs":[{"api":"cloudscheduler.googleapis.com","reason":"Needed for scheduled functions."}],"extensions":{}}
[debug] [2025-04-18T15:42:31.390Z] [functions] Loaded functions definitions from source: trainModelDaily.
[debug] [2025-04-18T15:42:31.391Z] [functions[us-central1-trainModelDaily]] function ignored because the pubsub emulator does not exist or is not running.
[info] i  functions: Loaded functions: trainModelDaily 
[warn] !  functions: The following emulators are not running, calls to these services will affect production: firestore, database, pubsub, storage, eventarc, tasks 
[debug] [2025-04-18T15:43:55.196Z] DEBUG: File D:\react\Air quality in University\functions\lstm_model.py changed, reloading triggers
[debug] [2025-04-18T15:43:56.212Z] Validating nodejs source
[debug] [2025-04-18T15:43:57.816Z] > [functions] package.json contents: {
  "name": "functions",
  "version": "1.0.0",
  "main": "index.js",
  "engines": {
    "node": "18"
  },
  "keywords": [],
  "author": "",
  "license": "ISC",
  "description": "",
  "dependencies": {
    "firebase-admin": "^13.2.0",
    "firebase-functions": "^6.3.2"
  }
}
[debug] [2025-04-18T15:43:57.816Z] Building nodejs source
[debug] [2025-04-18T15:43:57.816Z] Failed to find version of module node: reached end of search path D:\react\Air quality in University\functions\node_modules
[warn] !  functions: Your requested "node" version "18" doesn't match your global version "22". Using node@22 from host. 
[debug] [2025-04-18T15:43:57.818Z] Could not find functions.yaml. Must use http discovery
[debug] [2025-04-18T15:43:57.824Z] Found firebase-functions binary at 'D:\react\Air quality in University\functions\node_modules\.bin\firebase-functions'
[info] Serving at port 8149

[error] (node:6008) [DEP0040] DeprecationWarning: The `punycode` module is deprecated. Please use a userland alternative instead.
(Use `node --trace-deprecation ...` to show where the warning was created)

[debug] [2025-04-18T15:43:59.474Z] Got response from /__/functions.yaml {"endpoints":{"trainModelDaily":{"availableMemoryMb":null,"timeoutSeconds":null,"minInstances":null,"maxInstances":null,"ingressSettings":null,"concurrency":null,"serviceAccountEmail":null,"vpc":null,"platform":"gcfv2","labels":{},"scheduleTrigger":{"schedule":"every day 06:00","retryConfig":{"retryCount":null,"maxDoublings":null,"maxRetrySeconds":null,"minBackoffSeconds":null,"maxBackoffSeconds":null},"timeZone":null},"entryPoint":"trainModelDaily"}},"specVersion":"v1alpha1","requiredAPIs":[{"api":"cloudscheduler.googleapis.com","reason":"Needed for scheduled functions."}],"extensions":{}}
[debug] [2025-04-18T15:44:03.511Z] [functions] Loaded functions definitions from source: trainModelDaily.
[debug] [2025-04-18T15:45:29.511Z] DEBUG: File D:\react\Air quality in University\functions\lstm_model.py changed, reloading triggers
[debug] [2025-04-18T15:45:30.523Z] Validating nodejs source
[debug] [2025-04-18T15:45:31.850Z] > [functions] package.json contents: {
  "name": "functions",
  "version": "1.0.0",
  "main": "index.js",
  "engines": {
    "node": "18"
  },
  "keywords": [],
  "author": "",
  "license": "ISC",
  "description": "",
  "dependencies": {
    "firebase-admin": "^13.2.0",
    "firebase-functions": "^6.3.2"
  }
}
[debug] [2025-04-18T15:45:31.850Z] Building nodejs source
[debug] [2025-04-18T15:45:31.850Z] Failed to find version of module node: reached end of search path D:\react\Air quality in University\functions\node_modules
[warn] !  functions: Your requested "node" version "18" doesn't match your global version "22". Using node@22 from host. 
[debug] [2025-04-18T15:45:31.851Z] Could not find functions.yaml. Must use http discovery
[debug] [2025-04-18T15:45:31.857Z] Found firebase-functions binary at 'D:\react\Air quality in University\functions\node_modules\.bin\firebase-functions'
[info] Serving at port 8657

[error] (node:12328) [DEP0040] DeprecationWarning: The `punycode` module is deprecated. Please use a userland alternative instead.
(Use `node --trace-deprecation ...` to show where the warning was created)

[debug] [2025-04-18T15:45:33.560Z] Got response from /__/functions.yaml {"endpoints":{"trainModelDaily":{"availableMemoryMb":null,"timeoutSeconds":null,"minInstances":null,"maxInstances":null,"ingressSettings":null,"concurrency":null,"serviceAccountEmail":null,"vpc":null,"platform":"gcfv2","labels":{},"scheduleTrigger":{"schedule":"every day 06:00","retryConfig":{"retryCount":null,"maxDoublings":null,"maxRetrySeconds":null,"minBackoffSeconds":null,"maxBackoffSeconds":null},"timeZone":null},"entryPoint":"trainModelDaily"}},"specVersion":"v1alpha1","requiredAPIs":[{"api":"cloudscheduler.googleapis.com","reason":"Needed for scheduled functions."}],"extensions":{}}
[debug] [2025-04-18T15:45:37.589Z] [functions] Loaded functions definitions from source: trainModelDaily.
[debug] [2025-04-18T15:48:50.539Z] DEBUG: File D:\react\Air quality in University\functions\lstm_model.py changed, reloading triggers
[debug] [2025-04-18T15:48:51.553Z] Validating nodejs source
[debug] [2025-04-18T15:48:52.736Z] > [functions] package.json contents: {
  "name": "functions",
  "version": "1.0.0",
  "main": "index.js",
  "engines": {
    "node": "18"
  },
  "keywords": [],
  "author": "",
  "license": "ISC",
  "description": "",
  "dependencies": {
    "firebase-admin": "^13.2.0",
    "firebase-functions": "^6.3.2"
  }
}
[debug] [2025-04-18T15:48:52.736Z] Building nodejs source
[debug] [2025-04-18T15:48:52.736Z] Failed to find version of module node: reached end of search path D:\react\Air quality in University\functions\node_modules
[warn] !  functions: Your requested "node" version "18" doesn't match your global version "22". Using node@22 from host. 
[debug] [2025-04-18T15:48:52.737Z] Could not find functions.yaml. Must use http discovery
[debug] [2025-04-18T15:48:52.743Z] Found firebase-functions binary at 'D:\react\Air quality in University\functions\node_modules\.bin\firebase-functions'
[info] Serving at port 8473

[error] (node:6136) [DEP0040] DeprecationWarning: The `punycode` module is deprecated. Please use a userland alternative instead.
(Use `node --trace-deprecation ...` to show where the warning was created)

[debug] [2025-04-18T15:48:54.376Z] Got response from /__/functions.yaml {"endpoints":{"trainModelDaily":{"availableMemoryMb":null,"timeoutSeconds":null,"minInstances":null,"maxInstances":null,"ingressSettings":null,"concurrency":null,"serviceAccountEmail":null,"vpc":null,"platform":"gcfv2","labels":{},"scheduleTrigger":{"schedule":"every day 06:00","retryConfig":{"retryCount":null,"maxDoublings":null,"maxRetrySeconds":null,"minBackoffSeconds":null,"maxBackoffSeconds":null},"timeZone":null},"entryPoint":"trainModelDaily"}},"specVersion":"v1alpha1","requiredAPIs":[{"api":"cloudscheduler.googleapis.com","reason":"Needed for scheduled functions."}],"extensions":{}}
[debug] [2025-04-18T15:48:58.413Z] [functions] Loaded functions definitions from source: trainModelDaily.
[debug] [2025-04-18T15:49:44.336Z] DEBUG: File D:\react\Air quality in University\functions\lstm_model.py changed, reloading triggers
[debug] [2025-04-18T15:49:45.341Z] Validating nodejs source
[debug] [2025-04-18T15:49:46.506Z] > [functions] package.json contents: {
  "name": "functions",
  "version": "1.0.0",
  "main": "index.js",
  "engines": {
    "node": "18"
  },
  "keywords": [],
  "author": "",
  "license": "ISC",
  "description": "",
  "dependencies": {
    "firebase-admin": "^13.2.0",
    "firebase-functions": "^6.3.2"
  }
}
[debug] [2025-04-18T15:49:46.506Z] Building nodejs source
[debug] [2025-04-18T15:49:46.506Z] Failed to find version of module node: reached end of search path D:\react\Air quality in University\functions\node_modules
[warn] !  functions: Your requested "node" version "18" doesn't match your global version "22". Using node@22 from host. 
[debug] [2025-04-18T15:49:46.507Z] Could not find functions.yaml. Must use http discovery
[debug] [2025-04-18T15:49:46.513Z] Found firebase-functions binary at 'D:\react\Air quality in University\functions\node_modules\.bin\firebase-functions'
[info] Serving at port 8963

[error] (node:2600) [DEP0040] DeprecationWarning: The `punycode` module is deprecated. Please use a userland alternative instead.
(Use `node --trace-deprecation ...` to show where the warning was created)

[debug] [2025-04-18T15:49:48.180Z] Got response from /__/functions.yaml {"endpoints":{"trainModelDaily":{"availableMemoryMb":null,"timeoutSeconds":null,"minInstances":null,"maxInstances":null,"ingressSettings":null,"concurrency":null,"serviceAccountEmail":null,"vpc":null,"platform":"gcfv2","labels":{},"scheduleTrigger":{"schedule":"every day 06:00","retryConfig":{"retryCount":null,"maxDoublings":null,"maxRetrySeconds":null,"minBackoffSeconds":null,"maxBackoffSeconds":null},"timeZone":null},"entryPoint":"trainModelDaily"}},"specVersion":"v1alpha1","requiredAPIs":[{"api":"cloudscheduler.googleapis.com","reason":"Needed for scheduled functions."}],"extensions":{}}
[debug] [2025-04-18T15:49:52.205Z] [functions] Loaded functions definitions from source: trainModelDaily.
[debug] [2025-04-18T15:50:47.803Z] shell:trainModelDaily: trigger={"entryPoint":"trainModelDaily","platform":"gcfv2","region":"us-central1","name":"trainModelDaily","id":"us-central1-trainModelDaily","codebase":"default","availableMemoryMb":256,"labels":{"EVENTARC_CLOUD_EVENT_SOURCE":"run-emulated.googleapis.com/projects/air-qulity-in-u/locations/us-central1/services/trainModelDaily"},"timeoutSeconds":60,"secretEnvironmentVariables":[],"eventTrigger":{"eventType":"pubsub","resource":""},"schedule":{"schedule":"every day 06:00","timeZone":null,"retryConfig":{"maxBackoffSeconds":null,"minBackoffSeconds":null,"maxRetrySeconds":null,"retryCount":null,"maxDoublings":null}}}
[debug] [2025-04-18T15:50:47.803Z] shell:trainModelDaily: opts={}, data={}
[debug] [2025-04-18T15:50:47.816Z] DEBUG: [worker-pool] addWorker(us-central1-trainModelDaily)
[debug] [2025-04-18T15:50:47.817Z] DEBUG: [worker-pool] Adding worker with key us-central1-trainModelDaily, total=1
[info] >  (node:14080) [DEP0040] DeprecationWarning: The `punycode` module is deprecated. Please use a userland alternative instead. {"user":"(node:14080) [DEP0040] DeprecationWarning: The `punycode` module is deprecated. Please use a userland alternative instead.","metadata":{"emulator":{"name":"functions"},"function":{"name":"us-central1-trainModelDaily"},"extension":{},"message":"\u001b[90m> \u001b[39m (node:14080) [DEP0040] DeprecationWarning: The `punycode` module is deprecated. Please use a userland alternative instead."}}
[info] >  (Use `node --trace-deprecation ...` to show where the warning was created) {"user":"(Use `node --trace-deprecation ...` to show where the warning was created)","metadata":{"emulator":{"name":"functions"},"function":{"name":"us-central1-trainModelDaily"},"extension":{},"message":"\u001b[90m> \u001b[39m (Use `node --trace-deprecation ...` to show where the warning was created)"}}
[debug] [2025-04-18T15:50:49.900Z] DEBUG: [runtime-status] [14080] Resolved module firebase-admin {"declared":true,"installed":true,"version":"13.2.0","resolution":"D:\\react\\Air quality in University\\functions\\node_modules\\firebase-admin\\lib\\index.js"}
[debug] [2025-04-18T15:50:49.903Z] DEBUG: [runtime-status] [14080] Resolved module firebase-functions {"declared":true,"installed":true,"version":"6.3.2","resolution":"D:\\react\\Air quality in University\\functions\\node_modules\\firebase-functions\\lib\\v2\\index.js"}
[debug] [2025-04-18T15:50:49.904Z] DEBUG: [runtime-status] [14080] Outgoing network have been stubbed. [{"name":"http","status":"mocked"},{"name":"http","status":"mocked"},{"name":"https","status":"mocked"},{"name":"https","status":"mocked"},{"name":"net","status":"mocked"}]
[debug] [2025-04-18T15:50:49.906Z] DEBUG: [runtime-status] [14080] Resolved module firebase-functions {"declared":true,"installed":true,"version":"6.3.2","resolution":"D:\\react\\Air quality in University\\functions\\node_modules\\firebase-functions\\lib\\v2\\index.js"}
[debug] [2025-04-18T15:50:51.155Z] DEBUG: [runtime-status] [14080] Checked functions.config() {"config":{}}
[debug] [2025-04-18T15:50:51.156Z] DEBUG: [runtime-status] [14080] firebase-functions has been stubbed. {"functionsResolution":{"declared":true,"installed":true,"version":"6.3.2","resolution":"D:\\react\\Air quality in University\\functions\\node_modules\\firebase-functions\\lib\\v2\\index.js"}}
[debug] [2025-04-18T15:50:51.157Z] DEBUG: [runtime-status] [14080] Resolved module firebase-functions {"declared":true,"installed":true,"version":"6.3.2","resolution":"D:\\react\\Air quality in University\\functions\\node_modules\\firebase-functions\\lib\\v2\\index.js"}
[debug] [2025-04-18T15:50:51.172Z] DEBUG: [runtime-status] [14080] Resolved module firebase-admin {"declared":true,"installed":true,"version":"13.2.0","resolution":"D:\\react\\Air quality in University\\functions\\node_modules\\firebase-admin\\lib\\index.js"}
[debug] [2025-04-18T15:50:51.177Z] DEBUG: [runtime-status] [14080] Resolved module firebase-functions {"declared":true,"installed":true,"version":"6.3.2","resolution":"D:\\react\\Air quality in University\\functions\\node_modules\\firebase-functions\\lib\\v2\\index.js"}
[debug] [2025-04-18T15:50:51.178Z] DEBUG: [runtime-status] [14080] firebase-admin has been stubbed. {"adminResolution":{"declared":true,"installed":true,"version":"13.2.0","resolution":"D:\\react\\Air quality in University\\functions\\node_modules\\firebase-admin\\lib\\index.js"}}
[debug] [2025-04-18T15:50:51.181Z] DEBUG: [runtime-status] [14080] initializeApp(DEFAULT) {"storageBucket":"air-qulity-in-u.firebasestorage.app","databaseURL":"https://air-qulity-in-u-default-rtdb.asia-southeast1.firebasedatabase.app","projectId":"air-qulity-in-u"}
[debug] [2025-04-18T15:50:51.187Z] DEBUG: [runtime-status] [14080] Functions runtime initialized. {"cwd":"D:\\react\\Air quality in University\\functions","node_version":"22.13.0"}
[debug] [2025-04-18T15:50:51.188Z] DEBUG: [runtime-status] [14080] Listening to port: \\?\pipe\fire_emu_0b369f2687fa33f1
[debug] [2025-04-18T15:50:51.273Z] DEBUG: [worker-us-central1-trainModelDaily-bacc33d8-122e-4561-8390-ef163e4b069a]: IDLE
[info] >  {"severity":"ERROR","message":"Error: handler is not a function\n    at entryFromArgs (D:\\react\\Air quality in University\\functions\\node_modules\\firebase-functions\\lib\\logger\\index.js:133:19)\n    at Object.error (D:\\react\\Air quality in University\\functions\\node_modules\\firebase-functions\\lib\\logger\\index.js:120:11)\n    at httpFunc (D:\\react\\Air quality in University\\functions\\node_modules\\firebase-functions\\lib\\v2\\providers\\scheduler.js:72:20)\n    at D:\\react\\Air quality in University\\functions\\node_modules\\firebase-functions\\lib\\common\\onInit.js:33:16\n    at D:\\react\\Air quality in University\\functions\\node_modules\\firebase-functions\\lib\\v2\\trace.js:16:28\n    at C:\\Users\\Admin\\AppData\\Roaming\\npm\\node_modules\\firebase-tools\\lib\\emulator\\functionsEmulatorRuntime.js:532:16\n    at runFunction (C:\\Users\\Admin\\AppData\\Roaming\\npm\\node_modules\\firebase-tools\\lib\\emulator\\functionsEmulatorRuntime.js:506:15)\n    at runHTTPS (C:\\Users\\Admin\\AppData\\Roaming\\npm\\node_modules\\firebase-tools\\lib\\emulator\\functionsEmulatorRuntime.js:531:11)\n    at C:\\Users\\Admin\\AppData\\Roaming\\npm\\node_modules\\firebase-tools\\lib\\emulator\\functionsEmulatorRuntime.js:694:27\n    at Layer.handle [as handle_request] (C:\\Users\\Admin\\AppData\\Roaming\\npm\\node_modules\\firebase-tools\\node_modules\\express\\lib\\router\\layer.js:95:5)"} {"user":{"severity":"ERROR","message":"Error: handler is not a function\n    at entryFromArgs (D:\\react\\Air quality in University\\functions\\node_modules\\firebase-functions\\lib\\logger\\index.js:133:19)\n    at Object.error (D:\\react\\Air quality in University\\functions\\node_modules\\firebase-functions\\lib\\logger\\index.js:120:11)\n    at httpFunc (D:\\react\\Air quality in University\\functions\\node_modules\\firebase-functions\\lib\\v2\\providers\\scheduler.js:72:20)\n    at D:\\react\\Air quality in University\\functions\\node_modules\\firebase-functions\\lib\\common\\onInit.js:33:16\n    at D:\\react\\Air quality in University\\functions\\node_modules\\firebase-functions\\lib\\v2\\trace.js:16:28\n    at C:\\Users\\Admin\\AppData\\Roaming\\npm\\node_modules\\firebase-tools\\lib\\emulator\\functionsEmulatorRuntime.js:532:16\n    at runFunction (C:\\Users\\Admin\\AppData\\Roaming\\npm\\node_modules\\firebase-tools\\lib\\emulator\\functionsEmulatorRuntime.js:506:15)\n    at runHTTPS (C:\\Users\\Admin\\AppData\\Roaming\\npm\\node_modules\\firebase-tools\\lib\\emulator\\functionsEmulatorRuntime.js:531:11)\n    at C:\\Users\\Admin\\AppData\\Roaming\\npm\\node_modules\\firebase-tools\\lib\\emulator\\functionsEmulatorRuntime.js:694:27\n    at Layer.handle [as handle_request] (C:\\Users\\Admin\\AppData\\Roaming\\npm\\node_modules\\firebase-tools\\node_modules\\express\\lib\\router\\layer.js:95:5)"},"metadata":{"emulator":{"name":"functions"},"function":{"name":"us-central1-trainModelDaily"},"extension":{},"message":"\u001b[90m> \u001b[39m {\"severity\":\"ERROR\",\"message\":\"Error: handler is not a function\\n    at entryFromArgs (D:\\\\react\\\\Air quality in University\\\\functions\\\\node_modules\\\\firebase-functions\\\\lib\\\\logger\\\\index.js:133:19)\\n    at Object.error (D:\\\\react\\\\Air quality in University\\\\functions\\\\node_modules\\\\firebase-functions\\\\lib\\\\logger\\\\index.js:120:11)\\n    at httpFunc (D:\\\\react\\\\Air quality in University\\\\functions\\\\node_modules\\\\firebase-functions\\\\lib\\\\v2\\\\providers\\\\scheduler.js:72:20)\\n    at D:\\\\react\\\\Air quality in University\\\\functions\\\\node_modules\\\\firebase-functions\\\\lib\\\\common\\\\onInit.js:33:16\\n    at D:\\\\react\\\\Air quality in University\\\\functions\\\\node_modules\\\\firebase-functions\\\\lib\\\\v2\\\\trace.js:16:28\\n    at C:\\\\Users\\\\Admin\\\\AppData\\\\Roaming\\\\npm\\\\node_modules\\\\firebase-tools\\\\lib\\\\emulator\\\\functionsEmulatorRuntime.js:532:16\\n    at runFunction (C:\\\\Users\\\\Admin\\\\AppData\\\\Roaming\\\\npm\\\\node_modules\\\\firebase-tools\\\\lib\\\\emulator\\\\functionsEmulatorRuntime.js:506:15)\\n    at runHTTPS (C:\\\\Users\\\\Admin\\\\AppData\\\\Roaming\\\\npm\\\\node_modules\\\\firebase-tools\\\\lib\\\\emulator\\\\functionsEmulatorRuntime.js:531:11)\\n    at C:\\\\Users\\\\Admin\\\\AppData\\\\Roaming\\\\npm\\\\node_modules\\\\firebase-tools\\\\lib\\\\emulator\\\\functionsEmulatorRuntime.js:694:27\\n    at Layer.handle [as handle_request] (C:\\\\Users\\\\Admin\\\\AppData\\\\Roaming\\\\npm\\\\node_modules\\\\firebase-tools\\\\node_modules\\\\express\\\\lib\\\\router\\\\layer.js:95:5)\"}"}}
[debug] [2025-04-18T15:54:14.891Z] DEBUG: File D:\react\Air quality in University\functions\firebase.json changed, reloading triggers
[debug] [2025-04-18T15:54:15.895Z] Validating nodejs source
[debug] [2025-04-18T15:54:17.251Z] > [functions] package.json contents: {
  "name": "functions",
  "version": "1.0.0",
  "main": "index.js",
  "engines": {
    "node": "18"
  },
  "keywords": [],
  "author": "",
  "license": "ISC",
  "description": "",
  "dependencies": {
    "firebase-admin": "^13.2.0",
    "firebase-functions": "^6.3.2"
  }
}
[debug] [2025-04-18T15:54:17.251Z] Building nodejs source
[debug] [2025-04-18T15:54:17.252Z] Failed to find version of module node: reached end of search path D:\react\Air quality in University\functions\node_modules
[warn] !  functions: Your requested "node" version "18" doesn't match your global version "22". Using node@22 from host. 
[debug] [2025-04-18T15:54:17.253Z] Could not find functions.yaml. Must use http discovery
[debug] [2025-04-18T15:54:17.259Z] Found firebase-functions binary at 'D:\react\Air quality in University\functions\node_modules\.bin\firebase-functions'
[info] Serving at port 8922

[error] (node:8240) [DEP0040] DeprecationWarning: The `punycode` module is deprecated. Please use a userland alternative instead.
(Use `node --trace-deprecation ...` to show where the warning was created)

[debug] [2025-04-18T15:54:19.002Z] Got response from /__/functions.yaml {"endpoints":{"trainModelDaily":{"availableMemoryMb":null,"timeoutSeconds":null,"minInstances":null,"maxInstances":null,"ingressSettings":null,"concurrency":null,"serviceAccountEmail":null,"vpc":null,"platform":"gcfv2","labels":{},"scheduleTrigger":{"schedule":"every day 06:00","retryConfig":{"retryCount":null,"maxDoublings":null,"maxRetrySeconds":null,"minBackoffSeconds":null,"maxBackoffSeconds":null},"timeZone":null},"entryPoint":"trainModelDaily"}},"specVersion":"v1alpha1","requiredAPIs":[{"api":"cloudscheduler.googleapis.com","reason":"Needed for scheduled functions."}],"extensions":{}}
[debug] [2025-04-18T15:54:23.044Z] [functions] Loaded functions definitions from source: trainModelDaily.
[debug] [2025-04-18T15:54:23.045Z] DEBUG: [worker-pool] Shutting down IDLE worker (us-central1-trainModelDaily)
[debug] [2025-04-18T15:54:23.045Z] DEBUG: [worker-us-central1-trainModelDaily-bacc33d8-122e-4561-8390-ef163e4b069a]: FINISHING
[debug] [2025-04-18T15:54:23.055Z] DEBUG: [worker-us-central1-trainModelDaily-bacc33d8-122e-4561-8390-ef163e4b069a]: exited
[debug] [2025-04-18T15:54:23.055Z] DEBUG: [worker-us-central1-trainModelDaily-bacc33d8-122e-4561-8390-ef163e4b069a]: FINISHED
[debug] [2025-04-18T15:54:28.010Z] DEBUG: File D:\react\Air quality in University\functions\lstm_model.py changed, reloading triggers
[debug] [2025-04-18T15:54:29.023Z] Validating nodejs source
[debug] [2025-04-18T15:54:30.183Z] > [functions] package.json contents: {
  "name": "functions",
  "version": "1.0.0",
  "main": "index.js",
  "engines": {
    "node": "18"
  },
  "keywords": [],
  "author": "",
  "license": "ISC",
  "description": "",
  "dependencies": {
    "firebase-admin": "^13.2.0",
    "firebase-functions": "^6.3.2"
  }
}
[debug] [2025-04-18T15:54:30.184Z] Building nodejs source
[debug] [2025-04-18T15:54:30.184Z] Failed to find version of module node: reached end of search path D:\react\Air quality in University\functions\node_modules
[warn] !  functions: Your requested "node" version "18" doesn't match your global version "22". Using node@22 from host. 
[debug] [2025-04-18T15:54:30.185Z] Could not find functions.yaml. Must use http discovery
[debug] [2025-04-18T15:54:30.191Z] Found firebase-functions binary at 'D:\react\Air quality in University\functions\node_modules\.bin\firebase-functions'
[info] Serving at port 8357

[error] (node:4884) [DEP0040] DeprecationWarning: The `punycode` module is deprecated. Please use a userland alternative instead.
(Use `node --trace-deprecation ...` to show where the warning was created)

[debug] [2025-04-18T15:54:31.954Z] Got response from /__/functions.yaml {"endpoints":{"trainModelDaily":{"availableMemoryMb":null,"timeoutSeconds":null,"minInstances":null,"maxInstances":null,"ingressSettings":null,"concurrency":null,"serviceAccountEmail":null,"vpc":null,"platform":"gcfv2","labels":{},"scheduleTrigger":{"schedule":"every day 06:00","retryConfig":{"retryCount":null,"maxDoublings":null,"maxRetrySeconds":null,"minBackoffSeconds":null,"maxBackoffSeconds":null},"timeZone":null},"entryPoint":"trainModelDaily"}},"specVersion":"v1alpha1","requiredAPIs":[{"api":"cloudscheduler.googleapis.com","reason":"Needed for scheduled functions."}],"extensions":{}}
[debug] [2025-04-18T15:54:35.979Z] [functions] Loaded functions definitions from source: trainModelDaily.
[debug] [2025-04-18T15:55:36.120Z] DEBUG: File D:\react\Air quality in University\functions\lstm_model.py changed, reloading triggers
[debug] [2025-04-18T15:55:37.135Z] Validating nodejs source
[debug] [2025-04-18T15:55:38.304Z] > [functions] package.json contents: {
  "name": "functions",
  "version": "1.0.0",
  "main": "index.js",
  "engines": {
    "node": "18"
  },
  "keywords": [],
  "author": "",
  "license": "ISC",
  "description": "",
  "dependencies": {
    "firebase-admin": "^13.2.0",
    "firebase-functions": "^6.3.2"
  }
}
[debug] [2025-04-18T15:55:38.304Z] Building nodejs source
[debug] [2025-04-18T15:55:38.304Z] Failed to find version of module node: reached end of search path D:\react\Air quality in University\functions\node_modules
[warn] !  functions: Your requested "node" version "18" doesn't match your global version "22". Using node@22 from host. 
[debug] [2025-04-18T15:55:38.305Z] Could not find functions.yaml. Must use http discovery
[debug] [2025-04-18T15:55:38.311Z] Found firebase-functions binary at 'D:\react\Air quality in University\functions\node_modules\.bin\firebase-functions'
[info] Serving at port 8771

[error] (node:8152) [DEP0040] DeprecationWarning: The `punycode` module is deprecated. Please use a userland alternative instead.
(Use `node --trace-deprecation ...` to show where the warning was created)

[debug] [2025-04-18T15:55:40.109Z] Got response from /__/functions.yaml {"endpoints":{"trainModelDaily":{"availableMemoryMb":null,"timeoutSeconds":null,"minInstances":null,"maxInstances":null,"ingressSettings":null,"concurrency":null,"serviceAccountEmail":null,"vpc":null,"platform":"gcfv2","labels":{},"scheduleTrigger":{"schedule":"every day 06:00","retryConfig":{"retryCount":null,"maxDoublings":null,"maxRetrySeconds":null,"minBackoffSeconds":null,"maxBackoffSeconds":null},"timeZone":null},"entryPoint":"trainModelDaily"}},"specVersion":"v1alpha1","requiredAPIs":[{"api":"cloudscheduler.googleapis.com","reason":"Needed for scheduled functions."}],"extensions":{}}
[debug] [2025-04-18T15:55:44.148Z] [functions] Loaded functions definitions from source: trainModelDaily.
[debug] [2025-04-18T15:56:30.386Z] DEBUG: File D:\react\Air quality in University\functions\lstm_model.py changed, reloading triggers
[debug] [2025-04-18T15:56:31.399Z] Validating nodejs source
[debug] [2025-04-18T15:56:32.590Z] > [functions] package.json contents: {
  "name": "functions",
  "version": "1.0.0",
  "main": "index.js",
  "engines": {
    "node": "18"
  },
  "keywords": [],
  "author": "",
  "license": "ISC",
  "description": "",
  "dependencies": {
    "firebase-admin": "^13.2.0",
    "firebase-functions": "^6.3.2"
  }
}
[debug] [2025-04-18T15:56:32.590Z] Building nodejs source
[debug] [2025-04-18T15:56:32.590Z] Failed to find version of module node: reached end of search path D:\react\Air quality in University\functions\node_modules
[warn] !  functions: Your requested "node" version "18" doesn't match your global version "22". Using node@22 from host. 
[debug] [2025-04-18T15:56:32.591Z] Could not find functions.yaml. Must use http discovery
[debug] [2025-04-18T15:56:32.598Z] Found firebase-functions binary at 'D:\react\Air quality in University\functions\node_modules\.bin\firebase-functions'
[info] Serving at port 8993

[error] (node:4368) [DEP0040] DeprecationWarning: The `punycode` module is deprecated. Please use a userland alternative instead.
(Use `node --trace-deprecation ...` to show where the warning was created)

[debug] [2025-04-18T15:56:34.271Z] Got response from /__/functions.yaml {"endpoints":{"trainModelDaily":{"availableMemoryMb":null,"timeoutSeconds":null,"minInstances":null,"maxInstances":null,"ingressSettings":null,"concurrency":null,"serviceAccountEmail":null,"vpc":null,"platform":"gcfv2","labels":{},"scheduleTrigger":{"schedule":"every day 06:00","retryConfig":{"retryCount":null,"maxDoublings":null,"maxRetrySeconds":null,"minBackoffSeconds":null,"maxBackoffSeconds":null},"timeZone":null},"entryPoint":"trainModelDaily"}},"specVersion":"v1alpha1","requiredAPIs":[{"api":"cloudscheduler.googleapis.com","reason":"Needed for scheduled functions."}],"extensions":{}}
[debug] [2025-04-18T15:56:38.307Z] [functions] Loaded functions definitions from source: trainModelDaily.
[debug] [2025-04-18T15:56:45.589Z] DEBUG: File D:\react\Air quality in University\functions\lstm_model.py changed, reloading triggers
[debug] [2025-04-18T15:56:46.597Z] Validating nodejs source
[debug] [2025-04-18T15:56:47.758Z] > [functions] package.json contents: {
  "name": "functions",
  "version": "1.0.0",
  "main": "index.js",
  "engines": {
    "node": "18"
  },
  "keywords": [],
  "author": "",
  "license": "ISC",
  "description": "",
  "dependencies": {
    "firebase-admin": "^13.2.0",
    "firebase-functions": "^6.3.2"
  }
}
[debug] [2025-04-18T15:56:47.758Z] Building nodejs source
[debug] [2025-04-18T15:56:47.758Z] Failed to find version of module node: reached end of search path D:\react\Air quality in University\functions\node_modules
[warn] !  functions: Your requested "node" version "18" doesn't match your global version "22". Using node@22 from host. 
[debug] [2025-04-18T15:56:47.759Z] Could not find functions.yaml. Must use http discovery
[debug] [2025-04-18T15:56:47.765Z] Found firebase-functions binary at 'D:\react\Air quality in University\functions\node_modules\.bin\firebase-functions'
[info] Serving at port 8978

[error] (node:11604) [DEP0040] DeprecationWarning: The `punycode` module is deprecated. Please use a userland alternative instead.
(Use `node --trace-deprecation ...` to show where the warning was created)

[debug] [2025-04-18T15:56:49.442Z] Got response from /__/functions.yaml {"endpoints":{"trainModelDaily":{"availableMemoryMb":null,"timeoutSeconds":null,"minInstances":null,"maxInstances":null,"ingressSettings":null,"concurrency":null,"serviceAccountEmail":null,"vpc":null,"platform":"gcfv2","labels":{},"scheduleTrigger":{"schedule":"every day 06:00","retryConfig":{"retryCount":null,"maxDoublings":null,"maxRetrySeconds":null,"minBackoffSeconds":null,"maxBackoffSeconds":null},"timeZone":null},"entryPoint":"trainModelDaily"}},"specVersion":"v1alpha1","requiredAPIs":[{"api":"cloudscheduler.googleapis.com","reason":"Needed for scheduled functions."}],"extensions":{}}
[debug] [2025-04-18T15:56:53.468Z] [functions] Loaded functions definitions from source: trainModelDaily.
[debug] [2025-04-18T15:57:01.660Z] DEBUG: File D:\react\Air quality in University\functions\lstm_model.py changed, reloading triggers
[debug] [2025-04-18T15:57:02.666Z] Validating nodejs source
[debug] [2025-04-18T15:57:03.780Z] > [functions] package.json contents: {
  "name": "functions",
  "version": "1.0.0",
  "main": "index.js",
  "engines": {
    "node": "18"
  },
  "keywords": [],
  "author": "",
  "license": "ISC",
  "description": "",
  "dependencies": {
    "firebase-admin": "^13.2.0",
    "firebase-functions": "^6.3.2"
  }
}
[debug] [2025-04-18T15:57:03.780Z] Building nodejs source
[debug] [2025-04-18T15:57:03.780Z] Failed to find version of module node: reached end of search path D:\react\Air quality in University\functions\node_modules
[warn] !  functions: Your requested "node" version "18" doesn't match your global version "22". Using node@22 from host. 
[debug] [2025-04-18T15:57:03.781Z] Could not find functions.yaml. Must use http discovery
[debug] [2025-04-18T15:57:03.788Z] Found firebase-functions binary at 'D:\react\Air quality in University\functions\node_modules\.bin\firebase-functions'
[info] Serving at port 8361

[error] (node:5040) [DEP0040] DeprecationWarning: The `punycode` module is deprecated. Please use a userland alternative instead.
(Use `node --trace-deprecation ...` to show where the warning was created)

[debug] [2025-04-18T15:57:05.634Z] Got response from /__/functions.yaml {"endpoints":{"trainModelDaily":{"availableMemoryMb":null,"timeoutSeconds":null,"minInstances":null,"maxInstances":null,"ingressSettings":null,"concurrency":null,"serviceAccountEmail":null,"vpc":null,"platform":"gcfv2","labels":{},"scheduleTrigger":{"schedule":"every day 06:00","retryConfig":{"retryCount":null,"maxDoublings":null,"maxRetrySeconds":null,"minBackoffSeconds":null,"maxBackoffSeconds":null},"timeZone":null},"entryPoint":"trainModelDaily"}},"specVersion":"v1alpha1","requiredAPIs":[{"api":"cloudscheduler.googleapis.com","reason":"Needed for scheduled functions."}],"extensions":{}}
[debug] [2025-04-18T15:57:09.668Z] [functions] Loaded functions definitions from source: trainModelDaily.
[debug] [2025-04-18T15:57:59.134Z] DEBUG: File D:\react\Air quality in University\functions\lstm_model.py changed, reloading triggers
[debug] [2025-04-18T15:58:00.146Z] Validating nodejs source
[debug] [2025-04-18T15:58:01.468Z] > [functions] package.json contents: {
  "name": "functions",
  "version": "1.0.0",
  "main": "index.js",
  "engines": {
    "node": "18"
  },
  "keywords": [],
  "author": "",
  "license": "ISC",
  "description": "",
  "dependencies": {
    "firebase-admin": "^13.2.0",
    "firebase-functions": "^6.3.2"
  }
}
[debug] [2025-04-18T15:58:01.468Z] Building nodejs source
[debug] [2025-04-18T15:58:01.468Z] Failed to find version of module node: reached end of search path D:\react\Air quality in University\functions\node_modules
[warn] !  functions: Your requested "node" version "18" doesn't match your global version "22". Using node@22 from host. 
[debug] [2025-04-18T15:58:01.469Z] Could not find functions.yaml. Must use http discovery
[debug] [2025-04-18T15:58:01.476Z] Found firebase-functions binary at 'D:\react\Air quality in University\functions\node_modules\.bin\firebase-functions'
[info] Serving at port 8047

[error] (node:9288) [DEP0040] DeprecationWarning: The `punycode` module is deprecated. Please use a userland alternative instead.
(Use `node --trace-deprecation ...` to show where the warning was created)

[debug] [2025-04-18T15:58:03.180Z] Got response from /__/functions.yaml {"endpoints":{"trainModelDaily":{"availableMemoryMb":null,"timeoutSeconds":null,"minInstances":null,"maxInstances":null,"ingressSettings":null,"concurrency":null,"serviceAccountEmail":null,"vpc":null,"platform":"gcfv2","labels":{},"scheduleTrigger":{"schedule":"every day 06:00","retryConfig":{"retryCount":null,"maxDoublings":null,"maxRetrySeconds":null,"minBackoffSeconds":null,"maxBackoffSeconds":null},"timeZone":null},"entryPoint":"trainModelDaily"}},"specVersion":"v1alpha1","requiredAPIs":[{"api":"cloudscheduler.googleapis.com","reason":"Needed for scheduled functions."}],"extensions":{}}
[debug] [2025-04-18T15:58:07.211Z] [functions] Loaded functions definitions from source: trainModelDaily.
[debug] [2025-04-18T15:58:09.999Z] DEBUG: File D:\react\Air quality in University\functions\lstm_model.py changed, reloading triggers
[debug] [2025-04-18T15:58:11.007Z] Validating nodejs source
[debug] [2025-04-18T15:58:12.143Z] > [functions] package.json contents: {
  "name": "functions",
  "version": "1.0.0",
  "main": "index.js",
  "engines": {
    "node": "18"
  },
  "keywords": [],
  "author": "",
  "license": "ISC",
  "description": "",
  "dependencies": {
    "firebase-admin": "^13.2.0",
    "firebase-functions": "^6.3.2"
  }
}
[debug] [2025-04-18T15:58:12.143Z] Building nodejs source
[debug] [2025-04-18T15:58:12.143Z] Failed to find version of module node: reached end of search path D:\react\Air quality in University\functions\node_modules
[warn] !  functions: Your requested "node" version "18" doesn't match your global version "22". Using node@22 from host. 
[debug] [2025-04-18T15:58:12.145Z] Could not find functions.yaml. Must use http discovery
[debug] [2025-04-18T15:58:12.151Z] Found firebase-functions binary at 'D:\react\Air quality in University\functions\node_modules\.bin\firebase-functions'
[info] Serving at port 8812

[error] (node:14608) [DEP0040] DeprecationWarning: The `punycode` module is deprecated. Please use a userland alternative instead.
(Use `node --trace-deprecation ...` to show where the warning was created)

[debug] [2025-04-18T15:58:13.867Z] Got response from /__/functions.yaml {"endpoints":{"trainModelDaily":{"availableMemoryMb":null,"timeoutSeconds":null,"minInstances":null,"maxInstances":null,"ingressSettings":null,"concurrency":null,"serviceAccountEmail":null,"vpc":null,"platform":"gcfv2","labels":{},"scheduleTrigger":{"schedule":"every day 06:00","retryConfig":{"retryCount":null,"maxDoublings":null,"maxRetrySeconds":null,"minBackoffSeconds":null,"maxBackoffSeconds":null},"timeZone":null},"entryPoint":"trainModelDaily"}},"specVersion":"v1alpha1","requiredAPIs":[{"api":"cloudscheduler.googleapis.com","reason":"Needed for scheduled functions."}],"extensions":{}}
[debug] [2025-04-18T15:58:17.894Z] [functions] Loaded functions definitions from source: trainModelDaily.
[debug] [2025-04-18T16:00:47.532Z] DEBUG: File D:\react\Air quality in University\functions\lstm_model.py changed, reloading triggers
[debug] [2025-04-18T16:00:48.538Z] Validating nodejs source
[debug] [2025-04-18T16:00:49.794Z] > [functions] package.json contents: {
  "name": "functions",
  "version": "1.0.0",
  "main": "index.js",
  "engines": {
    "node": "18"
  },
  "keywords": [],
  "author": "",
  "license": "ISC",
  "description": "",
  "dependencies": {
    "firebase-admin": "^13.2.0",
    "firebase-functions": "^6.3.2"
  }
}
[debug] [2025-04-18T16:00:49.794Z] Building nodejs source
[debug] [2025-04-18T16:00:49.794Z] Failed to find version of module node: reached end of search path D:\react\Air quality in University\functions\node_modules
[warn] !  functions: Your requested "node" version "18" doesn't match your global version "22". Using node@22 from host. 
[debug] [2025-04-18T16:00:49.795Z] Could not find functions.yaml. Must use http discovery
[debug] [2025-04-18T16:00:49.801Z] Found firebase-functions binary at 'D:\react\Air quality in University\functions\node_modules\.bin\firebase-functions'
[info] Serving at port 8749

[error] (node:6492) [DEP0040] DeprecationWarning: The `punycode` module is deprecated. Please use a userland alternative instead.
(Use `node --trace-deprecation ...` to show where the warning was created)

[debug] [2025-04-18T16:00:51.543Z] Got response from /__/functions.yaml {"endpoints":{"trainModelDaily":{"availableMemoryMb":null,"timeoutSeconds":null,"minInstances":null,"maxInstances":null,"ingressSettings":null,"concurrency":null,"serviceAccountEmail":null,"vpc":null,"platform":"gcfv2","labels":{},"scheduleTrigger":{"schedule":"every day 06:00","retryConfig":{"retryCount":null,"maxDoublings":null,"maxRetrySeconds":null,"minBackoffSeconds":null,"maxBackoffSeconds":null},"timeZone":null},"entryPoint":"trainModelDaily"}},"specVersion":"v1alpha1","requiredAPIs":[{"api":"cloudscheduler.googleapis.com","reason":"Needed for scheduled functions."}],"extensions":{}}
[debug] [2025-04-18T16:00:55.584Z] [functions] Loaded functions definitions from source: trainModelDaily.
[debug] [2025-04-18T16:02:45.701Z] DEBUG: File D:\react\Air quality in University\functions\lstm_model.py changed, reloading triggers
[debug] [2025-04-18T16:02:46.714Z] Validating nodejs source
[debug] [2025-04-18T16:02:47.906Z] > [functions] package.json contents: {
  "name": "functions",
  "version": "1.0.0",
  "main": "index.js",
  "engines": {
    "node": "18"
  },
  "keywords": [],
  "author": "",
  "license": "ISC",
  "description": "",
  "dependencies": {
    "firebase-admin": "^13.2.0",
    "firebase-functions": "^6.3.2"
  }
}
[debug] [2025-04-18T16:02:47.906Z] Building nodejs source
[debug] [2025-04-18T16:02:47.906Z] Failed to find version of module node: reached end of search path D:\react\Air quality in University\functions\node_modules
[warn] !  functions: Your requested "node" version "18" doesn't match your global version "22". Using node@22 from host. 
[debug] [2025-04-18T16:02:47.907Z] Could not find functions.yaml. Must use http discovery
[debug] [2025-04-18T16:02:47.913Z] Found firebase-functions binary at 'D:\react\Air quality in University\functions\node_modules\.bin\firebase-functions'
[info] Serving at port 8411

[error] (node:9872) [DEP0040] DeprecationWarning: The `punycode` module is deprecated. Please use a userland alternative instead.
(Use `node --trace-deprecation ...` to show where the warning was created)

[debug] [2025-04-18T16:02:49.644Z] Got response from /__/functions.yaml {"endpoints":{"trainModelDaily":{"availableMemoryMb":null,"timeoutSeconds":null,"minInstances":null,"maxInstances":null,"ingressSettings":null,"concurrency":null,"serviceAccountEmail":null,"vpc":null,"platform":"gcfv2","labels":{},"scheduleTrigger":{"schedule":"every day 06:00","retryConfig":{"retryCount":null,"maxDoublings":null,"maxRetrySeconds":null,"minBackoffSeconds":null,"maxBackoffSeconds":null},"timeZone":null},"entryPoint":"trainModelDaily"}},"specVersion":"v1alpha1","requiredAPIs":[{"api":"cloudscheduler.googleapis.com","reason":"Needed for scheduled functions."}],"extensions":{}}
[debug] [2025-04-18T16:02:53.678Z] [functions] Loaded functions definitions from source: trainModelDaily.
[debug] [2025-04-18T16:05:57.153Z] DEBUG: File D:\react\Air quality in University\functions\lstm_model.py changed, reloading triggers
[debug] [2025-04-18T16:05:58.159Z] Validating nodejs source
[debug] [2025-04-18T16:05:59.851Z] > [functions] package.json contents: {
  "name": "functions",
  "version": "1.0.0",
  "main": "index.js",
  "engines": {
    "node": "18"
  },
  "keywords": [],
  "author": "",
  "license": "ISC",
  "description": "",
  "dependencies": {
    "firebase-admin": "^13.2.0",
    "firebase-functions": "^6.3.2"
  }
}
[debug] [2025-04-18T16:05:59.851Z] Building nodejs source
[debug] [2025-04-18T16:05:59.852Z] Failed to find version of module node: reached end of search path D:\react\Air quality in University\functions\node_modules
[warn] !  functions: Your requested "node" version "18" doesn't match your global version "22". Using node@22 from host. 
[debug] [2025-04-18T16:05:59.852Z] Could not find functions.yaml. Must use http discovery
[debug] [2025-04-18T16:05:59.859Z] Found firebase-functions binary at 'D:\react\Air quality in University\functions\node_modules\.bin\firebase-functions'
[info] Serving at port 8893

[error] (node:3740) [DEP0040] DeprecationWarning: The `punycode` module is deprecated. Please use a userland alternative instead.
(Use `node --trace-deprecation ...` to show where the warning was created)

[debug] [2025-04-18T16:06:01.971Z] Got response from /__/functions.yaml {"endpoints":{"trainModelDaily":{"availableMemoryMb":null,"timeoutSeconds":null,"minInstances":null,"maxInstances":null,"ingressSettings":null,"concurrency":null,"serviceAccountEmail":null,"vpc":null,"platform":"gcfv2","labels":{},"scheduleTrigger":{"schedule":"every day 06:00","retryConfig":{"retryCount":null,"maxDoublings":null,"maxRetrySeconds":null,"minBackoffSeconds":null,"maxBackoffSeconds":null},"timeZone":null},"entryPoint":"trainModelDaily"}},"specVersion":"v1alpha1","requiredAPIs":[{"api":"cloudscheduler.googleapis.com","reason":"Needed for scheduled functions."}],"extensions":{}}
[debug] [2025-04-18T16:06:04.948Z] DEBUG: File D:\react\Air quality in University\functions\lstm_model.py changed, reloading triggers
[debug] [2025-04-18T16:06:05.953Z] Validating nodejs source
[debug] [2025-04-18T16:06:07.446Z] > [functions] package.json contents: {
  "name": "functions",
  "version": "1.0.0",
  "main": "index.js",
  "engines": {
    "node": "18"
  },
  "keywords": [],
  "author": "",
  "license": "ISC",
  "description": "",
  "dependencies": {
    "firebase-admin": "^13.2.0",
    "firebase-functions": "^6.3.2"
  }
}
[debug] [2025-04-18T16:06:07.446Z] Building nodejs source
[debug] [2025-04-18T16:06:07.446Z] Failed to find version of module node: reached end of search path D:\react\Air quality in University\functions\node_modules
[warn] !  functions: Your requested "node" version "18" doesn't match your global version "22". Using node@22 from host. 
[debug] [2025-04-18T16:06:07.447Z] Could not find functions.yaml. Must use http discovery
[debug] [2025-04-18T16:06:07.454Z] Found firebase-functions binary at 'D:\react\Air quality in University\functions\node_modules\.bin\firebase-functions'
[debug] [2025-04-18T16:06:07.470Z] [functions] Loaded functions definitions from source: trainModelDaily.
[info] Serving at port 8129

[error] (node:12936) [DEP0040] DeprecationWarning: The `punycode` module is deprecated. Please use a userland alternative instead.
(Use `node --trace-deprecation ...` to show where the warning was created)

[debug] [2025-04-18T16:06:10.188Z] Got response from /__/functions.yaml {"endpoints":{"trainModelDaily":{"availableMemoryMb":null,"timeoutSeconds":null,"minInstances":null,"maxInstances":null,"ingressSettings":null,"concurrency":null,"serviceAccountEmail":null,"vpc":null,"platform":"gcfv2","labels":{},"scheduleTrigger":{"schedule":"every day 06:00","retryConfig":{"retryCount":null,"maxDoublings":null,"maxRetrySeconds":null,"minBackoffSeconds":null,"maxBackoffSeconds":null},"timeZone":null},"entryPoint":"trainModelDaily"}},"specVersion":"v1alpha1","requiredAPIs":[{"api":"cloudscheduler.googleapis.com","reason":"Needed for scheduled functions."}],"extensions":{}}
[debug] [2025-04-18T16:06:14.218Z] [functions] Loaded functions definitions from source: trainModelDaily.
[debug] [2025-04-18T16:07:36.420Z] DEBUG: File D:\react\Air quality in University\functions\lstm_model.py changed, reloading triggers
[debug] [2025-04-18T16:07:37.432Z] Validating nodejs source
[debug] [2025-04-18T16:07:38.939Z] > [functions] package.json contents: {
  "name": "functions",
  "version": "1.0.0",
  "main": "index.js",
  "engines": {
    "node": "18"
  },
  "keywords": [],
  "author": "",
  "license": "ISC",
  "description": "",
  "dependencies": {
    "firebase-admin": "^13.2.0",
    "firebase-functions": "^6.3.2"
  }
}
[debug] [2025-04-18T16:07:38.939Z] Building nodejs source
[debug] [2025-04-18T16:07:38.939Z] Failed to find version of module node: reached end of search path D:\react\Air quality in University\functions\node_modules
[warn] !  functions: Your requested "node" version "18" doesn't match your global version "22". Using node@22 from host. 
[debug] [2025-04-18T16:07:38.940Z] Could not find functions.yaml. Must use http discovery
[debug] [2025-04-18T16:07:38.948Z] Found firebase-functions binary at 'D:\react\Air quality in University\functions\node_modules\.bin\firebase-functions'
[info] Serving at port 8311

[error] (node:7136) [DEP0040] DeprecationWarning: The `punycode` module is deprecated. Please use a userland alternative instead.
(Use `node --trace-deprecation ...` to show where the warning was created)

[debug] [2025-04-18T16:07:40.899Z] Got response from /__/functions.yaml {"endpoints":{"trainModelDaily":{"availableMemoryMb":null,"timeoutSeconds":null,"minInstances":null,"maxInstances":null,"ingressSettings":null,"concurrency":null,"serviceAccountEmail":null,"vpc":null,"platform":"gcfv2","labels":{},"scheduleTrigger":{"schedule":"every day 06:00","retryConfig":{"retryCount":null,"maxDoublings":null,"maxRetrySeconds":null,"minBackoffSeconds":null,"maxBackoffSeconds":null},"timeZone":null},"entryPoint":"trainModelDaily"}},"specVersion":"v1alpha1","requiredAPIs":[{"api":"cloudscheduler.googleapis.com","reason":"Needed for scheduled functions."}],"extensions":{}}
[debug] [2025-04-18T16:07:44.931Z] [functions] Loaded functions definitions from source: trainModelDaily.
[debug] [2025-04-18T16:08:03.751Z] DEBUG: File D:\react\Air quality in University\functions\lstm_model.py changed, reloading triggers
[debug] [2025-04-18T16:08:04.753Z] Validating nodejs source
[debug] [2025-04-18T16:08:06.165Z] > [functions] package.json contents: {
  "name": "functions",
  "version": "1.0.0",
  "main": "index.js",
  "engines": {
    "node": "18"
  },
  "keywords": [],
  "author": "",
  "license": "ISC",
  "description": "",
  "dependencies": {
    "firebase-admin": "^13.2.0",
    "firebase-functions": "^6.3.2"
  }
}
[debug] [2025-04-18T16:08:06.165Z] Building nodejs source
[debug] [2025-04-18T16:08:06.165Z] Failed to find version of module node: reached end of search path D:\react\Air quality in University\functions\node_modules
[warn] !  functions: Your requested "node" version "18" doesn't match your global version "22". Using node@22 from host. 
[debug] [2025-04-18T16:08:06.166Z] Could not find functions.yaml. Must use http discovery
[debug] [2025-04-18T16:08:06.173Z] Found firebase-functions binary at 'D:\react\Air quality in University\functions\node_modules\.bin\firebase-functions'
[info] Serving at port 8752

[error] (node:7424) [DEP0040] DeprecationWarning: The `punycode` module is deprecated. Please use a userland alternative instead.
(Use `node --trace-deprecation ...` to show where the warning was created)

[debug] [2025-04-18T16:08:08.312Z] Got response from /__/functions.yaml {"endpoints":{"trainModelDaily":{"availableMemoryMb":null,"timeoutSeconds":null,"minInstances":null,"maxInstances":null,"ingressSettings":null,"concurrency":null,"serviceAccountEmail":null,"vpc":null,"platform":"gcfv2","labels":{},"scheduleTrigger":{"schedule":"every day 06:00","retryConfig":{"retryCount":null,"maxDoublings":null,"maxRetrySeconds":null,"minBackoffSeconds":null,"maxBackoffSeconds":null},"timeZone":null},"entryPoint":"trainModelDaily"}},"specVersion":"v1alpha1","requiredAPIs":[{"api":"cloudscheduler.googleapis.com","reason":"Needed for scheduled functions."}],"extensions":{}}
[debug] [2025-04-18T16:08:12.356Z] [functions] Loaded functions definitions from source: trainModelDaily.
[debug] [2025-04-18T16:09:02.295Z] DEBUG: File D:\react\Air quality in University\functions\lstm_model.py changed, reloading triggers
[debug] [2025-04-18T16:09:03.310Z] Validating nodejs source
[debug] [2025-04-18T16:09:04.880Z] > [functions] package.json contents: {
  "name": "functions",
  "version": "1.0.0",
  "main": "index.js",
  "engines": {
    "node": "18"
  },
  "keywords": [],
  "author": "",
  "license": "ISC",
  "description": "",
  "dependencies": {
    "firebase-admin": "^13.2.0",
    "firebase-functions": "^6.3.2"
  }
}
[debug] [2025-04-18T16:09:04.880Z] Building nodejs source
[debug] [2025-04-18T16:09:04.880Z] Failed to find version of module node: reached end of search path D:\react\Air quality in University\functions\node_modules
[warn] !  functions: Your requested "node" version "18" doesn't match your global version "22". Using node@22 from host. 
[debug] [2025-04-18T16:09:04.882Z] Could not find functions.yaml. Must use http discovery
[debug] [2025-04-18T16:09:04.891Z] Found firebase-functions binary at 'D:\react\Air quality in University\functions\node_modules\.bin\firebase-functions'
[info] Serving at port 8661

[error] (node:2932) [DEP0040] DeprecationWarning: The `punycode` module is deprecated. Please use a userland alternative instead.
(Use `node --trace-deprecation ...` to show where the warning was created)

[debug] [2025-04-18T16:09:06.936Z] Got response from /__/functions.yaml {"endpoints":{"trainModelDaily":{"availableMemoryMb":null,"timeoutSeconds":null,"minInstances":null,"maxInstances":null,"ingressSettings":null,"concurrency":null,"serviceAccountEmail":null,"vpc":null,"platform":"gcfv2","labels":{},"scheduleTrigger":{"schedule":"every day 06:00","retryConfig":{"retryCount":null,"maxDoublings":null,"maxRetrySeconds":null,"minBackoffSeconds":null,"maxBackoffSeconds":null},"timeZone":null},"entryPoint":"trainModelDaily"}},"specVersion":"v1alpha1","requiredAPIs":[{"api":"cloudscheduler.googleapis.com","reason":"Needed for scheduled functions."}],"extensions":{}}
[debug] [2025-04-18T16:09:10.972Z] [functions] Loaded functions definitions from source: trainModelDaily.
[debug] [2025-04-18T16:11:17.303Z] DEBUG: File D:\react\Air quality in University\functions\lstm_model.py changed, reloading triggers
[debug] [2025-04-18T16:11:18.316Z] Validating nodejs source
[debug] [2025-04-18T16:11:19.565Z] > [functions] package.json contents: {
  "name": "functions",
  "version": "1.0.0",
  "main": "index.js",
  "engines": {
    "node": "18"
  },
  "keywords": [],
  "author": "",
  "license": "ISC",
  "description": "",
  "dependencies": {
    "firebase-admin": "^13.2.0",
    "firebase-functions": "^6.3.2"
  }
}
[debug] [2025-04-18T16:11:19.565Z] Building nodejs source
[debug] [2025-04-18T16:11:19.565Z] Failed to find version of module node: reached end of search path D:\react\Air quality in University\functions\node_modules
[warn] !  functions: Your requested "node" version "18" doesn't match your global version "22". Using node@22 from host. 
[debug] [2025-04-18T16:11:19.566Z] Could not find functions.yaml. Must use http discovery
[debug] [2025-04-18T16:11:19.573Z] Found firebase-functions binary at 'D:\react\Air quality in University\functions\node_modules\.bin\firebase-functions'
[info] Serving at port 8651

[error] (node:6692) [DEP0040] DeprecationWarning: The `punycode` module is deprecated. Please use a userland alternative instead.
(Use `node --trace-deprecation ...` to show where the warning was created)

[debug] [2025-04-18T16:11:21.222Z] Got response from /__/functions.yaml {"endpoints":{"trainModelDaily":{"availableMemoryMb":null,"timeoutSeconds":null,"minInstances":null,"maxInstances":null,"ingressSettings":null,"concurrency":null,"serviceAccountEmail":null,"vpc":null,"platform":"gcfv2","labels":{},"scheduleTrigger":{"schedule":"every day 06:00","retryConfig":{"retryCount":null,"maxDoublings":null,"maxRetrySeconds":null,"minBackoffSeconds":null,"maxBackoffSeconds":null},"timeZone":null},"entryPoint":"trainModelDaily"}},"specVersion":"v1alpha1","requiredAPIs":[{"api":"cloudscheduler.googleapis.com","reason":"Needed for scheduled functions."}],"extensions":{}}
[debug] [2025-04-18T16:11:25.258Z] [functions] Loaded functions definitions from source: trainModelDaily.
[debug] [2025-04-18T16:11:44.587Z] DEBUG: File D:\react\Air quality in University\functions\lstm_model.py changed, reloading triggers
[debug] [2025-04-18T16:11:45.592Z] Validating nodejs source
[debug] [2025-04-18T16:11:47.106Z] > [functions] package.json contents: {
  "name": "functions",
  "version": "1.0.0",
  "main": "index.js",
  "engines": {
    "node": "18"
  },
  "keywords": [],
  "author": "",
  "license": "ISC",
  "description": "",
  "dependencies": {
    "firebase-admin": "^13.2.0",
    "firebase-functions": "^6.3.2"
  }
}
[debug] [2025-04-18T16:11:47.107Z] Building nodejs source
[debug] [2025-04-18T16:11:47.107Z] Failed to find version of module node: reached end of search path D:\react\Air quality in University\functions\node_modules
[warn] !  functions: Your requested "node" version "18" doesn't match your global version "22". Using node@22 from host. 
[debug] [2025-04-18T16:11:47.107Z] Could not find functions.yaml. Must use http discovery
[debug] [2025-04-18T16:11:47.114Z] Found firebase-functions binary at 'D:\react\Air quality in University\functions\node_modules\.bin\firebase-functions'
[info] Serving at port 8526

[error] (node:15940) [DEP0040] DeprecationWarning: The `punycode` module is deprecated. Please use a userland alternative instead.
(Use `node --trace-deprecation ...` to show where the warning was created)

[debug] [2025-04-18T16:11:49.490Z] Got response from /__/functions.yaml {"endpoints":{"trainModelDaily":{"availableMemoryMb":null,"timeoutSeconds":null,"minInstances":null,"maxInstances":null,"ingressSettings":null,"concurrency":null,"serviceAccountEmail":null,"vpc":null,"platform":"gcfv2","labels":{},"scheduleTrigger":{"schedule":"every day 06:00","retryConfig":{"retryCount":null,"maxDoublings":null,"maxRetrySeconds":null,"minBackoffSeconds":null,"maxBackoffSeconds":null},"timeZone":null},"entryPoint":"trainModelDaily"}},"specVersion":"v1alpha1","requiredAPIs":[{"api":"cloudscheduler.googleapis.com","reason":"Needed for scheduled functions."}],"extensions":{}}
[debug] [2025-04-18T16:11:53.520Z] [functions] Loaded functions definitions from source: trainModelDaily.
[debug] [2025-04-18T16:13:40.967Z] DEBUG: File D:\react\Air quality in University\functions\lstm_model.py changed, reloading triggers
[debug] [2025-04-18T16:13:41.980Z] Validating nodejs source
[debug] [2025-04-18T16:13:43.258Z] > [functions] package.json contents: {
  "name": "functions",
  "version": "1.0.0",
  "main": "index.js",
  "engines": {
    "node": "18"
  },
  "keywords": [],
  "author": "",
  "license": "ISC",
  "description": "",
  "dependencies": {
    "firebase-admin": "^13.2.0",
    "firebase-functions": "^6.3.2"
  }
}
[debug] [2025-04-18T16:13:43.259Z] Building nodejs source
[debug] [2025-04-18T16:13:43.259Z] Failed to find version of module node: reached end of search path D:\react\Air quality in University\functions\node_modules
[warn] !  functions: Your requested "node" version "18" doesn't match your global version "22". Using node@22 from host. 
[debug] [2025-04-18T16:13:43.260Z] Could not find functions.yaml. Must use http discovery
[debug] [2025-04-18T16:13:43.267Z] Found firebase-functions binary at 'D:\react\Air quality in University\functions\node_modules\.bin\firebase-functions'
[info] Serving at port 8477

[error] (node:7800) [DEP0040] DeprecationWarning: The `punycode` module is deprecated. Please use a userland alternative instead.
(Use `node --trace-deprecation ...` to show where the warning was created)

[debug] [2025-04-18T16:13:45.030Z] Got response from /__/functions.yaml {"endpoints":{"trainModelDaily":{"availableMemoryMb":null,"timeoutSeconds":null,"minInstances":null,"maxInstances":null,"ingressSettings":null,"concurrency":null,"serviceAccountEmail":null,"vpc":null,"platform":"gcfv2","labels":{},"scheduleTrigger":{"schedule":"every day 06:00","retryConfig":{"retryCount":null,"maxDoublings":null,"maxRetrySeconds":null,"minBackoffSeconds":null,"maxBackoffSeconds":null},"timeZone":null},"entryPoint":"trainModelDaily"}},"specVersion":"v1alpha1","requiredAPIs":[{"api":"cloudscheduler.googleapis.com","reason":"Needed for scheduled functions."}],"extensions":{}}
[debug] [2025-04-18T16:13:49.066Z] [functions] Loaded functions definitions from source: trainModelDaily.
[debug] [2025-04-18T16:14:52.537Z] DEBUG: File D:\react\Air quality in University\functions\lstm_model.py changed, reloading triggers
[debug] [2025-04-18T16:14:53.541Z] Validating nodejs source
[debug] [2025-04-18T16:14:54.706Z] > [functions] package.json contents: {
  "name": "functions",
  "version": "1.0.0",
  "main": "index.js",
  "engines": {
    "node": "18"
  },
  "keywords": [],
  "author": "",
  "license": "ISC",
  "description": "",
  "dependencies": {
    "firebase-admin": "^13.2.0",
    "firebase-functions": "^6.3.2"
  }
}
[debug] [2025-04-18T16:14:54.706Z] Building nodejs source
[debug] [2025-04-18T16:14:54.706Z] Failed to find version of module node: reached end of search path D:\react\Air quality in University\functions\node_modules
[warn] !  functions: Your requested "node" version "18" doesn't match your global version "22". Using node@22 from host. 
[debug] [2025-04-18T16:14:54.707Z] Could not find functions.yaml. Must use http discovery
[debug] [2025-04-18T16:14:54.713Z] Found firebase-functions binary at 'D:\react\Air quality in University\functions\node_modules\.bin\firebase-functions'
[info] Serving at port 8913

[error] (node:15988) [DEP0040] DeprecationWarning: The `punycode` module is deprecated. Please use a userland alternative instead.
(Use `node --trace-deprecation ...` to show where the warning was created)

[debug] [2025-04-18T16:14:56.395Z] Got response from /__/functions.yaml {"endpoints":{"trainModelDaily":{"availableMemoryMb":null,"timeoutSeconds":null,"minInstances":null,"maxInstances":null,"ingressSettings":null,"concurrency":null,"serviceAccountEmail":null,"vpc":null,"platform":"gcfv2","labels":{},"scheduleTrigger":{"schedule":"every day 06:00","retryConfig":{"retryCount":null,"maxDoublings":null,"maxRetrySeconds":null,"minBackoffSeconds":null,"maxBackoffSeconds":null},"timeZone":null},"entryPoint":"trainModelDaily"}},"specVersion":"v1alpha1","requiredAPIs":[{"api":"cloudscheduler.googleapis.com","reason":"Needed for scheduled functions."}],"extensions":{}}
[debug] [2025-04-18T16:15:00.432Z] [functions] Loaded functions definitions from source: trainModelDaily.
[debug] [2025-04-18T16:17:21.428Z] DEBUG: File D:\react\Air quality in University\functions\lstm_model.py changed, reloading triggers
[debug] [2025-04-18T16:17:22.430Z] Validating nodejs source
[debug] [2025-04-18T16:17:23.672Z] > [functions] package.json contents: {
  "name": "functions",
  "version": "1.0.0",
  "main": "index.js",
  "engines": {
    "node": "18"
  },
  "keywords": [],
  "author": "",
  "license": "ISC",
  "description": "",
  "dependencies": {
    "firebase-admin": "^13.2.0",
    "firebase-functions": "^6.3.2"
  }
}
[debug] [2025-04-18T16:17:23.672Z] Building nodejs source
[debug] [2025-04-18T16:17:23.672Z] Failed to find version of module node: reached end of search path D:\react\Air quality in University\functions\node_modules
[warn] !  functions: Your requested "node" version "18" doesn't match your global version "22". Using node@22 from host. 
[debug] [2025-04-18T16:17:23.673Z] Could not find functions.yaml. Must use http discovery
[debug] [2025-04-18T16:17:23.679Z] Found firebase-functions binary at 'D:\react\Air quality in University\functions\node_modules\.bin\firebase-functions'
[info] Serving at port 8799

[error] (node:492) [DEP0040] DeprecationWarning: The `punycode` module is deprecated. Please use a userland alternative instead.
(Use `node --trace-deprecation ...` to show where the warning was created)

[debug] [2025-04-18T16:17:25.315Z] Got response from /__/functions.yaml {"endpoints":{"trainModelDaily":{"availableMemoryMb":null,"timeoutSeconds":null,"minInstances":null,"maxInstances":null,"ingressSettings":null,"concurrency":null,"serviceAccountEmail":null,"vpc":null,"platform":"gcfv2","labels":{},"scheduleTrigger":{"schedule":"every day 06:00","retryConfig":{"retryCount":null,"maxDoublings":null,"maxRetrySeconds":null,"minBackoffSeconds":null,"maxBackoffSeconds":null},"timeZone":null},"entryPoint":"trainModelDaily"}},"specVersion":"v1alpha1","requiredAPIs":[{"api":"cloudscheduler.googleapis.com","reason":"Needed for scheduled functions."}],"extensions":{}}
[debug] [2025-04-18T16:17:29.343Z] [functions] Loaded functions definitions from source: trainModelDaily.
[debug] [2025-04-18T16:18:30.979Z] DEBUG: File D:\react\Air quality in University\functions\lstm_model.py changed, reloading triggers
[debug] [2025-04-18T16:18:31.983Z] Validating nodejs source
[debug] [2025-04-18T16:18:33.164Z] > [functions] package.json contents: {
  "name": "functions",
  "version": "1.0.0",
  "main": "index.js",
  "engines": {
    "node": "18"
  },
  "keywords": [],
  "author": "",
  "license": "ISC",
  "description": "",
  "dependencies": {
    "firebase-admin": "^13.2.0",
    "firebase-functions": "^6.3.2"
  }
}
[debug] [2025-04-18T16:18:33.165Z] Building nodejs source
[debug] [2025-04-18T16:18:33.165Z] Failed to find version of module node: reached end of search path D:\react\Air quality in University\functions\node_modules
[warn] !  functions: Your requested "node" version "18" doesn't match your global version "22". Using node@22 from host. 
[debug] [2025-04-18T16:18:33.166Z] Could not find functions.yaml. Must use http discovery
[debug] [2025-04-18T16:18:33.171Z] Found firebase-functions binary at 'D:\react\Air quality in University\functions\node_modules\.bin\firebase-functions'
[info] Serving at port 8229

[error] (node:8980) [DEP0040] DeprecationWarning: The `punycode` module is deprecated. Please use a userland alternative instead.
(Use `node --trace-deprecation ...` to show where the warning was created)

[debug] [2025-04-18T16:18:34.922Z] Got response from /__/functions.yaml {"endpoints":{"trainModelDaily":{"availableMemoryMb":null,"timeoutSeconds":null,"minInstances":null,"maxInstances":null,"ingressSettings":null,"concurrency":null,"serviceAccountEmail":null,"vpc":null,"platform":"gcfv2","labels":{},"scheduleTrigger":{"schedule":"every day 06:00","retryConfig":{"retryCount":null,"maxDoublings":null,"maxRetrySeconds":null,"minBackoffSeconds":null,"maxBackoffSeconds":null},"timeZone":null},"entryPoint":"trainModelDaily"}},"specVersion":"v1alpha1","requiredAPIs":[{"api":"cloudscheduler.googleapis.com","reason":"Needed for scheduled functions."}],"extensions":{}}
[debug] [2025-04-18T16:18:38.950Z] [functions] Loaded functions definitions from source: trainModelDaily.
[debug] [2025-04-18T16:19:25.065Z] DEBUG: File D:\react\Air quality in University\functions\lstm_model.py changed, reloading triggers
[debug] [2025-04-18T16:19:26.069Z] Validating nodejs source
[debug] [2025-04-18T16:19:27.300Z] > [functions] package.json contents: {
  "name": "functions",
  "version": "1.0.0",
  "main": "index.js",
  "engines": {
    "node": "18"
  },
  "keywords": [],
  "author": "",
  "license": "ISC",
  "description": "",
  "dependencies": {
    "firebase-admin": "^13.2.0",
    "firebase-functions": "^6.3.2"
  }
}
[debug] [2025-04-18T16:19:27.300Z] Building nodejs source
[debug] [2025-04-18T16:19:27.300Z] Failed to find version of module node: reached end of search path D:\react\Air quality in University\functions\node_modules
[warn] !  functions: Your requested "node" version "18" doesn't match your global version "22". Using node@22 from host. 
[debug] [2025-04-18T16:19:27.301Z] Could not find functions.yaml. Must use http discovery
[debug] [2025-04-18T16:19:27.308Z] Found firebase-functions binary at 'D:\react\Air quality in University\functions\node_modules\.bin\firebase-functions'
[info] Serving at port 8377

[error] (node:10776) [DEP0040] DeprecationWarning: The `punycode` module is deprecated. Please use a userland alternative instead.
(Use `node --trace-deprecation ...` to show where the warning was created)

[debug] [2025-04-18T16:19:29.027Z] Got response from /__/functions.yaml {"endpoints":{"trainModelDaily":{"availableMemoryMb":null,"timeoutSeconds":null,"minInstances":null,"maxInstances":null,"ingressSettings":null,"concurrency":null,"serviceAccountEmail":null,"vpc":null,"platform":"gcfv2","labels":{},"scheduleTrigger":{"schedule":"every day 06:00","retryConfig":{"retryCount":null,"maxDoublings":null,"maxRetrySeconds":null,"minBackoffSeconds":null,"maxBackoffSeconds":null},"timeZone":null},"entryPoint":"trainModelDaily"}},"specVersion":"v1alpha1","requiredAPIs":[{"api":"cloudscheduler.googleapis.com","reason":"Needed for scheduled functions."}],"extensions":{}}
[debug] [2025-04-18T16:19:33.054Z] [functions] Loaded functions definitions from source: trainModelDaily.
[debug] [2025-04-18T16:19:43.455Z] DEBUG: File D:\react\Air quality in University\functions\lstm_model.py changed, reloading triggers
[debug] [2025-04-18T16:19:44.460Z] Validating nodejs source
[debug] [2025-04-18T16:19:45.897Z] > [functions] package.json contents: {
  "name": "functions",
  "version": "1.0.0",
  "main": "index.js",
  "engines": {
    "node": "18"
  },
  "keywords": [],
  "author": "",
  "license": "ISC",
  "description": "",
  "dependencies": {
    "firebase-admin": "^13.2.0",
    "firebase-functions": "^6.3.2"
  }
}
[debug] [2025-04-18T16:19:45.897Z] Building nodejs source
[debug] [2025-04-18T16:19:45.897Z] Failed to find version of module node: reached end of search path D:\react\Air quality in University\functions\node_modules
[warn] !  functions: Your requested "node" version "18" doesn't match your global version "22". Using node@22 from host. 
[debug] [2025-04-18T16:19:45.898Z] Could not find functions.yaml. Must use http discovery
[debug] [2025-04-18T16:19:45.904Z] Found firebase-functions binary at 'D:\react\Air quality in University\functions\node_modules\.bin\firebase-functions'
[info] Serving at port 8029

[error] (node:7108) [DEP0040] DeprecationWarning: The `punycode` module is deprecated. Please use a userland alternative instead.
(Use `node --trace-deprecation ...` to show where the warning was created)

[debug] [2025-04-18T16:19:47.623Z] Got response from /__/functions.yaml {"endpoints":{"trainModelDaily":{"availableMemoryMb":null,"timeoutSeconds":null,"minInstances":null,"maxInstances":null,"ingressSettings":null,"concurrency":null,"serviceAccountEmail":null,"vpc":null,"platform":"gcfv2","labels":{},"scheduleTrigger":{"schedule":"every day 06:00","retryConfig":{"retryCount":null,"maxDoublings":null,"maxRetrySeconds":null,"minBackoffSeconds":null,"maxBackoffSeconds":null},"timeZone":null},"entryPoint":"trainModelDaily"}},"specVersion":"v1alpha1","requiredAPIs":[{"api":"cloudscheduler.googleapis.com","reason":"Needed for scheduled functions."}],"extensions":{}}
[debug] [2025-04-18T16:19:51.649Z] [functions] Loaded functions definitions from source: trainModelDaily.
[debug] [2025-04-18T16:19:53.711Z] DEBUG: File D:\react\Air quality in University\functions\lstm_model.py changed, reloading triggers
[debug] [2025-04-18T16:19:54.720Z] Validating nodejs source
[debug] [2025-04-18T16:19:55.884Z] > [functions] package.json contents: {
  "name": "functions",
  "version": "1.0.0",
  "main": "index.js",
  "engines": {
    "node": "18"
  },
  "keywords": [],
  "author": "",
  "license": "ISC",
  "description": "",
  "dependencies": {
    "firebase-admin": "^13.2.0",
    "firebase-functions": "^6.3.2"
  }
}
[debug] [2025-04-18T16:19:55.885Z] Building nodejs source
[debug] [2025-04-18T16:19:55.885Z] Failed to find version of module node: reached end of search path D:\react\Air quality in University\functions\node_modules
[warn] !  functions: Your requested "node" version "18" doesn't match your global version "22". Using node@22 from host. 
[debug] [2025-04-18T16:19:55.886Z] Could not find functions.yaml. Must use http discovery
[debug] [2025-04-18T16:19:55.891Z] Found firebase-functions binary at 'D:\react\Air quality in University\functions\node_modules\.bin\firebase-functions'
[info] Serving at port 8961

[error] (node:8120) [DEP0040] DeprecationWarning: The `punycode` module is deprecated. Please use a userland alternative instead.
(Use `node --trace-deprecation ...` to show where the warning was created)

[debug] [2025-04-18T16:19:57.775Z] Got response from /__/functions.yaml {"endpoints":{"trainModelDaily":{"availableMemoryMb":null,"timeoutSeconds":null,"minInstances":null,"maxInstances":null,"ingressSettings":null,"concurrency":null,"serviceAccountEmail":null,"vpc":null,"platform":"gcfv2","labels":{},"scheduleTrigger":{"schedule":"every day 06:00","retryConfig":{"retryCount":null,"maxDoublings":null,"maxRetrySeconds":null,"minBackoffSeconds":null,"maxBackoffSeconds":null},"timeZone":null},"entryPoint":"trainModelDaily"}},"specVersion":"v1alpha1","requiredAPIs":[{"api":"cloudscheduler.googleapis.com","reason":"Needed for scheduled functions."}],"extensions":{}}
[debug] [2025-04-18T16:20:01.804Z] [functions] Loaded functions definitions from source: trainModelDaily.
[debug] [2025-04-18T16:22:27.120Z] DEBUG: File D:\react\Air quality in University\functions\lstm_model.py changed, reloading triggers
[debug] [2025-04-18T16:22:28.122Z] Validating nodejs source
[debug] [2025-04-18T16:22:29.498Z] > [functions] package.json contents: {
  "name": "functions",
  "version": "1.0.0",
  "main": "index.js",
  "engines": {
    "node": "18"
  },
  "keywords": [],
  "author": "",
  "license": "ISC",
  "description": "",
  "dependencies": {
    "firebase-admin": "^13.2.0",
    "firebase-functions": "^6.3.2"
  }
}
[debug] [2025-04-18T16:22:29.498Z] Building nodejs source
[debug] [2025-04-18T16:22:29.499Z] Failed to find version of module node: reached end of search path D:\react\Air quality in University\functions\node_modules
[warn] !  functions: Your requested "node" version "18" doesn't match your global version "22". Using node@22 from host. 
[debug] [2025-04-18T16:22:29.500Z] Could not find functions.yaml. Must use http discovery
[debug] [2025-04-18T16:22:29.506Z] Found firebase-functions binary at 'D:\react\Air quality in University\functions\node_modules\.bin\firebase-functions'
[info] Serving at port 8411

[error] (node:1732) [DEP0040] DeprecationWarning: The `punycode` module is deprecated. Please use a userland alternative instead.
(Use `node --trace-deprecation ...` to show where the warning was created)

[debug] [2025-04-18T16:22:31.671Z] Got response from /__/functions.yaml {"endpoints":{"trainModelDaily":{"availableMemoryMb":null,"timeoutSeconds":null,"minInstances":null,"maxInstances":null,"ingressSettings":null,"concurrency":null,"serviceAccountEmail":null,"vpc":null,"platform":"gcfv2","labels":{},"scheduleTrigger":{"schedule":"every day 06:00","retryConfig":{"retryCount":null,"maxDoublings":null,"maxRetrySeconds":null,"minBackoffSeconds":null,"maxBackoffSeconds":null},"timeZone":null},"entryPoint":"trainModelDaily"}},"specVersion":"v1alpha1","requiredAPIs":[{"api":"cloudscheduler.googleapis.com","reason":"Needed for scheduled functions."}],"extensions":{}}
[debug] [2025-04-18T16:22:35.708Z] [functions] Loaded functions definitions from source: trainModelDaily.
[debug] [2025-04-18T16:24:28.752Z] DEBUG: File D:\react\Air quality in University\functions\lstm_model.py changed, reloading triggers
[debug] [2025-04-18T16:24:29.760Z] Validating nodejs source
[debug] [2025-04-18T16:24:31.030Z] > [functions] package.json contents: {
  "name": "functions",
  "version": "1.0.0",
  "main": "index.js",
  "engines": {
    "node": "18"
  },
  "keywords": [],
  "author": "",
  "license": "ISC",
  "description": "",
  "dependencies": {
    "firebase-admin": "^13.2.0",
    "firebase-functions": "^6.3.2"
  }
}
[debug] [2025-04-18T16:24:31.030Z] Building nodejs source
[debug] [2025-04-18T16:24:31.030Z] Failed to find version of module node: reached end of search path D:\react\Air quality in University\functions\node_modules
[warn] !  functions: Your requested "node" version "18" doesn't match your global version "22". Using node@22 from host. 
[debug] [2025-04-18T16:24:31.032Z] Could not find functions.yaml. Must use http discovery
[debug] [2025-04-18T16:24:31.038Z] Found firebase-functions binary at 'D:\react\Air quality in University\functions\node_modules\.bin\firebase-functions'
[debug] [2025-04-18T16:24:31.046Z] DEBUG: File D:\react\Air quality in University\functions\lstm_model.py changed, reloading triggers
[info] Serving at port 8688

[debug] [2025-04-18T16:24:32.051Z] Validating nodejs source
[debug] [2025-04-18T16:24:33.219Z] > [functions] package.json contents: {
  "name": "functions",
  "version": "1.0.0",
  "main": "index.js",
  "engines": {
    "node": "18"
  },
  "keywords": [],
  "author": "",
  "license": "ISC",
  "description": "",
  "dependencies": {
    "firebase-admin": "^13.2.0",
    "firebase-functions": "^6.3.2"
  }
}
[debug] [2025-04-18T16:24:33.219Z] Building nodejs source
[debug] [2025-04-18T16:24:33.219Z] Failed to find version of module node: reached end of search path D:\react\Air quality in University\functions\node_modules
[warn] !  functions: Your requested "node" version "18" doesn't match your global version "22". Using node@22 from host. 
[error] (node:2764) [DEP0040] DeprecationWarning: The `punycode` module is deprecated. Please use a userland alternative instead.
(Use `node --trace-deprecation ...` to show where the warning was created)

[debug] [2025-04-18T16:24:33.221Z] Got response from /__/functions.yaml {"endpoints":{"trainModelDaily":{"availableMemoryMb":null,"timeoutSeconds":null,"minInstances":null,"maxInstances":null,"ingressSettings":null,"concurrency":null,"serviceAccountEmail":null,"vpc":null,"platform":"gcfv2","labels":{},"scheduleTrigger":{"schedule":"every day 06:00","retryConfig":{"retryCount":null,"maxDoublings":null,"maxRetrySeconds":null,"minBackoffSeconds":null,"maxBackoffSeconds":null},"timeZone":null},"entryPoint":"trainModelDaily"}},"specVersion":"v1alpha1","requiredAPIs":[{"api":"cloudscheduler.googleapis.com","reason":"Needed for scheduled functions."}],"extensions":{}}
[debug] [2025-04-18T16:24:33.223Z] Could not find functions.yaml. Must use http discovery
[debug] [2025-04-18T16:24:33.229Z] Found firebase-functions binary at 'D:\react\Air quality in University\functions\node_modules\.bin\firebase-functions'
[info] Serving at port 8985

[error] (node:8220) [DEP0040] DeprecationWarning: The `punycode` module is deprecated. Please use a userland alternative instead.
(Use `node --trace-deprecation ...` to show where the warning was created)

[debug] [2025-04-18T16:24:34.896Z] Got response from /__/functions.yaml {"endpoints":{"trainModelDaily":{"availableMemoryMb":null,"timeoutSeconds":null,"minInstances":null,"maxInstances":null,"ingressSettings":null,"concurrency":null,"serviceAccountEmail":null,"vpc":null,"platform":"gcfv2","labels":{},"scheduleTrigger":{"schedule":"every day 06:00","retryConfig":{"retryCount":null,"maxDoublings":null,"maxRetrySeconds":null,"minBackoffSeconds":null,"maxBackoffSeconds":null},"timeZone":null},"entryPoint":"trainModelDaily"}},"specVersion":"v1alpha1","requiredAPIs":[{"api":"cloudscheduler.googleapis.com","reason":"Needed for scheduled functions."}],"extensions":{}}
[debug] [2025-04-18T16:24:37.263Z] [functions] Loaded functions definitions from source: trainModelDaily.
[debug] [2025-04-18T16:24:38.931Z] [functions] Loaded functions definitions from source: trainModelDaily.
[debug] [2025-04-18T16:24:44.890Z] DEBUG: File D:\react\Air quality in University\functions\lstm_model.py changed, reloading triggers
[debug] [2025-04-18T16:24:45.894Z] Validating nodejs source
[debug] [2025-04-18T16:24:47.435Z] > [functions] package.json contents: {
  "name": "functions",
  "version": "1.0.0",
  "main": "index.js",
  "engines": {
    "node": "18"
  },
  "keywords": [],
  "author": "",
  "license": "ISC",
  "description": "",
  "dependencies": {
    "firebase-admin": "^13.2.0",
    "firebase-functions": "^6.3.2"
  }
}
[debug] [2025-04-18T16:24:47.436Z] Building nodejs source
[debug] [2025-04-18T16:24:47.436Z] Failed to find version of module node: reached end of search path D:\react\Air quality in University\functions\node_modules
[warn] !  functions: Your requested "node" version "18" doesn't match your global version "22". Using node@22 from host. 
[debug] [2025-04-18T16:24:47.436Z] Could not find functions.yaml. Must use http discovery
[debug] [2025-04-18T16:24:47.443Z] Found firebase-functions binary at 'D:\react\Air quality in University\functions\node_modules\.bin\firebase-functions'
[info] Serving at port 8184

[error] (node:2252) [DEP0040] DeprecationWarning: The `punycode` module is deprecated. Please use a userland alternative instead.
(Use `node --trace-deprecation ...` to show where the warning was created)

[debug] [2025-04-18T16:24:50.080Z] Got response from /__/functions.yaml {"endpoints":{"trainModelDaily":{"availableMemoryMb":null,"timeoutSeconds":null,"minInstances":null,"maxInstances":null,"ingressSettings":null,"concurrency":null,"serviceAccountEmail":null,"vpc":null,"platform":"gcfv2","labels":{},"scheduleTrigger":{"schedule":"every day 06:00","retryConfig":{"retryCount":null,"maxDoublings":null,"maxRetrySeconds":null,"minBackoffSeconds":null,"maxBackoffSeconds":null},"timeZone":null},"entryPoint":"trainModelDaily"}},"specVersion":"v1alpha1","requiredAPIs":[{"api":"cloudscheduler.googleapis.com","reason":"Needed for scheduled functions."}],"extensions":{}}
[debug] [2025-04-18T16:24:54.102Z] [functions] Loaded functions definitions from source: trainModelDaily.
[debug] [2025-04-18T16:24:56.464Z] DEBUG: File D:\react\Air quality in University\functions\lstm_model.py changed, reloading triggers
[debug] [2025-04-18T16:24:57.478Z] Validating nodejs source
[debug] [2025-04-18T16:24:58.822Z] > [functions] package.json contents: {
  "name": "functions",
  "version": "1.0.0",
  "main": "index.js",
  "engines": {
    "node": "18"
  },
  "keywords": [],
  "author": "",
  "license": "ISC",
  "description": "",
  "dependencies": {
    "firebase-admin": "^13.2.0",
    "firebase-functions": "^6.3.2"
  }
}
[debug] [2025-04-18T16:24:58.822Z] Building nodejs source
[debug] [2025-04-18T16:24:58.823Z] Failed to find version of module node: reached end of search path D:\react\Air quality in University\functions\node_modules
[warn] !  functions: Your requested "node" version "18" doesn't match your global version "22". Using node@22 from host. 
[debug] [2025-04-18T16:24:58.832Z] Could not find functions.yaml. Must use http discovery
[debug] [2025-04-18T16:24:58.840Z] Found firebase-functions binary at 'D:\react\Air quality in University\functions\node_modules\.bin\firebase-functions'
[info] Serving at port 8152

[debug] [2025-04-18T16:25:00.067Z] DEBUG: File D:\react\Air quality in University\functions\lstm_model.py changed, reloading triggers
[debug] [2025-04-18T16:25:01.073Z] Validating nodejs source
[debug] [2025-04-18T16:25:02.742Z] > [functions] package.json contents: {
  "name": "functions",
  "version": "1.0.0",
  "main": "index.js",
  "engines": {
    "node": "18"
  },
  "keywords": [],
  "author": "",
  "license": "ISC",
  "description": "",
  "dependencies": {
    "firebase-admin": "^13.2.0",
    "firebase-functions": "^6.3.2"
  }
}
[debug] [2025-04-18T16:25:02.743Z] Building nodejs source
[debug] [2025-04-18T16:25:02.743Z] Failed to find version of module node: reached end of search path D:\react\Air quality in University\functions\node_modules
[warn] !  functions: Your requested "node" version "18" doesn't match your global version "22". Using node@22 from host. 
[error] (node:1396) [DEP0040] DeprecationWarning: The `punycode` module is deprecated. Please use a userland alternative instead.
(Use `node --trace-deprecation ...` to show where the warning was created)

[debug] [2025-04-18T16:25:02.744Z] Got response from /__/functions.yaml {"endpoints":{"trainModelDaily":{"availableMemoryMb":null,"timeoutSeconds":null,"minInstances":null,"maxInstances":null,"ingressSettings":null,"concurrency":null,"serviceAccountEmail":null,"vpc":null,"platform":"gcfv2","labels":{},"scheduleTrigger":{"schedule":"every day 06:00","retryConfig":{"retryCount":null,"maxDoublings":null,"maxRetrySeconds":null,"minBackoffSeconds":null,"maxBackoffSeconds":null},"timeZone":null},"entryPoint":"trainModelDaily"}},"specVersion":"v1alpha1","requiredAPIs":[{"api":"cloudscheduler.googleapis.com","reason":"Needed for scheduled functions."}],"extensions":{}}
[debug] [2025-04-18T16:25:02.747Z] Could not find functions.yaml. Must use http discovery
[debug] [2025-04-18T16:25:02.754Z] Found firebase-functions binary at 'D:\react\Air quality in University\functions\node_modules\.bin\firebase-functions'
[debug] [2025-04-18T16:25:02.759Z] DEBUG: File D:\react\Air quality in University\functions\lstm_model.py changed, reloading triggers
[info] Serving at port 8988

[debug] [2025-04-18T16:25:03.770Z] Validating nodejs source
[debug] [2025-04-18T16:25:05.190Z] > [functions] package.json contents: {
  "name": "functions",
  "version": "1.0.0",
  "main": "index.js",
  "engines": {
    "node": "18"
  },
  "keywords": [],
  "author": "",
  "license": "ISC",
  "description": "",
  "dependencies": {
    "firebase-admin": "^13.2.0",
    "firebase-functions": "^6.3.2"
  }
}
[debug] [2025-04-18T16:25:05.191Z] Building nodejs source
[debug] [2025-04-18T16:25:05.191Z] Failed to find version of module node: reached end of search path D:\react\Air quality in University\functions\node_modules
[warn] !  functions: Your requested "node" version "18" doesn't match your global version "22". Using node@22 from host. 
[error] (node:7504) [DEP0040] DeprecationWarning: The `punycode` module is deprecated. Please use a userland alternative instead.
(Use `node --trace-deprecation ...` to show where the warning was created)

[debug] [2025-04-18T16:25:05.193Z] Got response from /__/functions.yaml {"endpoints":{"trainModelDaily":{"availableMemoryMb":null,"timeoutSeconds":null,"minInstances":null,"maxInstances":null,"ingressSettings":null,"concurrency":null,"serviceAccountEmail":null,"vpc":null,"platform":"gcfv2","labels":{},"scheduleTrigger":{"schedule":"every day 06:00","retryConfig":{"retryCount":null,"maxDoublings":null,"maxRetrySeconds":null,"minBackoffSeconds":null,"maxBackoffSeconds":null},"timeZone":null},"entryPoint":"trainModelDaily"}},"specVersion":"v1alpha1","requiredAPIs":[{"api":"cloudscheduler.googleapis.com","reason":"Needed for scheduled functions."}],"extensions":{}}
[debug] [2025-04-18T16:25:05.195Z] Could not find functions.yaml. Must use http discovery
[debug] [2025-04-18T16:25:05.203Z] Found firebase-functions binary at 'D:\react\Air quality in University\functions\node_modules\.bin\firebase-functions'
[info] Serving at port 8076

[debug] [2025-04-18T16:25:06.796Z] [functions] Loaded functions definitions from source: trainModelDaily.
[error] (node:8288) [DEP0040] DeprecationWarning: The `punycode` module is deprecated. Please use a userland alternative instead.
(Use `node --trace-deprecation ...` to show where the warning was created)

[debug] [2025-04-18T16:25:07.217Z] Got response from /__/functions.yaml {"endpoints":{"trainModelDaily":{"availableMemoryMb":null,"timeoutSeconds":null,"minInstances":null,"maxInstances":null,"ingressSettings":null,"concurrency":null,"serviceAccountEmail":null,"vpc":null,"platform":"gcfv2","labels":{},"scheduleTrigger":{"schedule":"every day 06:00","retryConfig":{"retryCount":null,"maxDoublings":null,"maxRetrySeconds":null,"minBackoffSeconds":null,"maxBackoffSeconds":null},"timeZone":null},"entryPoint":"trainModelDaily"}},"specVersion":"v1alpha1","requiredAPIs":[{"api":"cloudscheduler.googleapis.com","reason":"Needed for scheduled functions."}],"extensions":{}}
[debug] [2025-04-18T16:25:09.236Z] [functions] Loaded functions definitions from source: trainModelDaily.
[debug] [2025-04-18T16:25:11.244Z] [functions] Loaded functions definitions from source: trainModelDaily.
[debug] [2025-04-18T16:26:10.960Z] DEBUG: File D:\react\Air quality in University\functions\lstm_model.py changed, reloading triggers
[debug] [2025-04-18T16:26:11.971Z] Validating nodejs source
[debug] [2025-04-18T16:26:13.172Z] > [functions] package.json contents: {
  "name": "functions",
  "version": "1.0.0",
  "main": "index.js",
  "engines": {
    "node": "18"
  },
  "keywords": [],
  "author": "",
  "license": "ISC",
  "description": "",
  "dependencies": {
    "firebase-admin": "^13.2.0",
    "firebase-functions": "^6.3.2"
  }
}
[debug] [2025-04-18T16:26:13.173Z] Building nodejs source
[debug] [2025-04-18T16:26:13.173Z] Failed to find version of module node: reached end of search path D:\react\Air quality in University\functions\node_modules
[warn] !  functions: Your requested "node" version "18" doesn't match your global version "22". Using node@22 from host. 
[debug] [2025-04-18T16:26:13.175Z] Could not find functions.yaml. Must use http discovery
[debug] [2025-04-18T16:26:13.185Z] Found firebase-functions binary at 'D:\react\Air quality in University\functions\node_modules\.bin\firebase-functions'
[info] Serving at port 8762

[error] (node:8144) [DEP0040] DeprecationWarning: The `punycode` module is deprecated. Please use a userland alternative instead.
(Use `node --trace-deprecation ...` to show where the warning was created)

[debug] [2025-04-18T16:26:14.997Z] Got response from /__/functions.yaml {"endpoints":{"trainModelDaily":{"availableMemoryMb":null,"timeoutSeconds":null,"minInstances":null,"maxInstances":null,"ingressSettings":null,"concurrency":null,"serviceAccountEmail":null,"vpc":null,"platform":"gcfv2","labels":{},"scheduleTrigger":{"schedule":"every day 06:00","retryConfig":{"retryCount":null,"maxDoublings":null,"maxRetrySeconds":null,"minBackoffSeconds":null,"maxBackoffSeconds":null},"timeZone":null},"entryPoint":"trainModelDaily"}},"specVersion":"v1alpha1","requiredAPIs":[{"api":"cloudscheduler.googleapis.com","reason":"Needed for scheduled functions."}],"extensions":{}}
[debug] [2025-04-18T16:26:19.021Z] [functions] Loaded functions definitions from source: trainModelDaily.
[debug] [2025-04-18T16:28:09.919Z] DEBUG: File D:\react\Air quality in University\functions\lstm_model.py changed, reloading triggers
[debug] [2025-04-18T16:28:10.921Z] Validating nodejs source
[debug] [2025-04-18T16:28:12.491Z] > [functions] package.json contents: {
  "name": "functions",
  "version": "1.0.0",
  "main": "index.js",
  "engines": {
    "node": "18"
  },
  "keywords": [],
  "author": "",
  "license": "ISC",
  "description": "",
  "dependencies": {
    "firebase-admin": "^13.2.0",
    "firebase-functions": "^6.3.2"
  }
}
[debug] [2025-04-18T16:28:12.491Z] Building nodejs source
[debug] [2025-04-18T16:28:12.492Z] Failed to find version of module node: reached end of search path D:\react\Air quality in University\functions\node_modules
[warn] !  functions: Your requested "node" version "18" doesn't match your global version "22". Using node@22 from host. 
[debug] [2025-04-18T16:28:12.492Z] Could not find functions.yaml. Must use http discovery
[debug] [2025-04-18T16:28:12.500Z] Found firebase-functions binary at 'D:\react\Air quality in University\functions\node_modules\.bin\firebase-functions'
[info] Serving at port 8291

[error] (node:11092) [DEP0040] DeprecationWarning: The `punycode` module is deprecated. Please use a userland alternative instead.
(Use `node --trace-deprecation ...` to show where the warning was created)

[debug] [2025-04-18T16:28:14.520Z] Got response from /__/functions.yaml {"endpoints":{"trainModelDaily":{"availableMemoryMb":null,"timeoutSeconds":null,"minInstances":null,"maxInstances":null,"ingressSettings":null,"concurrency":null,"serviceAccountEmail":null,"vpc":null,"platform":"gcfv2","labels":{},"scheduleTrigger":{"schedule":"every day 06:00","retryConfig":{"retryCount":null,"maxDoublings":null,"maxRetrySeconds":null,"minBackoffSeconds":null,"maxBackoffSeconds":null},"timeZone":null},"entryPoint":"trainModelDaily"}},"specVersion":"v1alpha1","requiredAPIs":[{"api":"cloudscheduler.googleapis.com","reason":"Needed for scheduled functions."}],"extensions":{}}
[debug] [2025-04-18T16:28:18.549Z] [functions] Loaded functions definitions from source: trainModelDaily.
