[debug] [2025-04-21T09:29:28.602Z] ----------------------------------------------------------------------
[debug] [2025-04-21T09:29:28.606Z] Command:       C:\Program Files\nodejs\node.exe C:\Users\Admin\AppData\Roaming\npm\node_modules\firebase-tools\lib\bin\firebase.js deploy --only functions
[debug] [2025-04-21T09:29:28.606Z] CLI Version:   14.2.0
[debug] [2025-04-21T09:29:28.606Z] Platform:      win32
[debug] [2025-04-21T09:29:28.606Z] Node Version:  v22.13.0
[debug] [2025-04-21T09:29:28.607Z] Time:          Mon Apr 21 2025 16:29:28 GMT+0700 (เวลาอินโดจีน)
[debug] [2025-04-21T09:29:28.607Z] ----------------------------------------------------------------------
[debug] 
[debug] [2025-04-21T09:29:28.856Z] > command requires scopes: ["email","openid","https://www.googleapis.com/auth/cloudplatformprojects.readonly","https://www.googleapis.com/auth/firebase","https://www.googleapis.com/auth/cloud-platform"]
[debug] [2025-04-21T09:29:28.857Z] > authorizing via signed-in user (whyarethechamppion@gmail.com)
[debug] [2025-04-21T09:29:28.857Z] [iam] checking project air-qulity-in-u for permissions ["cloudfunctions.functions.create","cloudfunctions.functions.delete","cloudfunctions.functions.get","cloudfunctions.functions.list","cloudfunctions.functions.update","cloudfunctions.operations.get","firebase.projects.get"]
[debug] [2025-04-21T09:29:28.858Z] Checked if tokens are valid: false, expires at: 1745216397926
[debug] [2025-04-21T09:29:28.858Z] Checked if tokens are valid: false, expires at: 1745216397926
[debug] [2025-04-21T09:29:28.859Z] > refreshing access token with scopes: []
[debug] [2025-04-21T09:29:28.861Z] >>> [apiv2][query] POST https://www.googleapis.com/oauth2/v3/token [none]
[debug] [2025-04-21T09:29:28.861Z] >>> [apiv2][body] POST https://www.googleapis.com/oauth2/v3/token [omitted]
[debug] [2025-04-21T09:29:29.061Z] <<< [apiv2][status] POST https://www.googleapis.com/oauth2/v3/token 200
[debug] [2025-04-21T09:29:29.061Z] <<< [apiv2][body] POST https://www.googleapis.com/oauth2/v3/token [omitted]
[debug] [2025-04-21T09:29:29.076Z] >>> [apiv2][query] POST https://cloudresourcemanager.googleapis.com/v1/projects/air-qulity-in-u:testIamPermissions [none]
[debug] [2025-04-21T09:29:29.076Z] >>> [apiv2][(partial)header] POST https://cloudresourcemanager.googleapis.com/v1/projects/air-qulity-in-u:testIamPermissions x-goog-quota-user=projects/air-qulity-in-u
[debug] [2025-04-21T09:29:29.076Z] >>> [apiv2][body] POST https://cloudresourcemanager.googleapis.com/v1/projects/air-qulity-in-u:testIamPermissions {"permissions":["cloudfunctions.functions.create","cloudfunctions.functions.delete","cloudfunctions.functions.get","cloudfunctions.functions.list","cloudfunctions.functions.update","cloudfunctions.operations.get","firebase.projects.get"]}
[debug] [2025-04-21T09:29:30.208Z] <<< [apiv2][status] POST https://cloudresourcemanager.googleapis.com/v1/projects/air-qulity-in-u:testIamPermissions 200
[debug] [2025-04-21T09:29:30.209Z] <<< [apiv2][body] POST https://cloudresourcemanager.googleapis.com/v1/projects/air-qulity-in-u:testIamPermissions {"permissions":["cloudfunctions.functions.create","cloudfunctions.functions.delete","cloudfunctions.functions.get","cloudfunctions.functions.list","cloudfunctions.functions.update","cloudfunctions.operations.get","firebase.projects.get"]}
[debug] [2025-04-21T09:29:30.209Z] Checked if tokens are valid: true, expires at: 1745231368061
[debug] [2025-04-21T09:29:30.209Z] Checked if tokens are valid: true, expires at: 1745231368061
[debug] [2025-04-21T09:29:30.210Z] >>> [apiv2][query] POST https://iam.googleapis.com/v1/projects/air-qulity-in-u/serviceAccounts/air-qulity-in-u@appspot.gserviceaccount.com:testIamPermissions [none]
[debug] [2025-04-21T09:29:30.210Z] >>> [apiv2][body] POST https://iam.googleapis.com/v1/projects/air-qulity-in-u/serviceAccounts/air-qulity-in-u@appspot.gserviceaccount.com:testIamPermissions {"permissions":["iam.serviceAccounts.actAs"]}
[debug] [2025-04-21T09:29:31.659Z] <<< [apiv2][status] POST https://iam.googleapis.com/v1/projects/air-qulity-in-u/serviceAccounts/air-qulity-in-u@appspot.gserviceaccount.com:testIamPermissions 200
[debug] [2025-04-21T09:29:31.659Z] <<< [apiv2][body] POST https://iam.googleapis.com/v1/projects/air-qulity-in-u/serviceAccounts/air-qulity-in-u@appspot.gserviceaccount.com:testIamPermissions {"permissions":["iam.serviceAccounts.actAs"]}
[info] 
[info] === Deploying to 'air-qulity-in-u'...
[info] 
[info] i  deploying functions 
[debug] [2025-04-21T09:29:31.662Z] Checked if tokens are valid: true, expires at: 1745231368061
[debug] [2025-04-21T09:29:31.662Z] Checked if tokens are valid: true, expires at: 1745231368061
[debug] [2025-04-21T09:29:31.662Z] >>> [apiv2][query] GET https://cloudresourcemanager.googleapis.com/v1/projects/air-qulity-in-u [none]
[debug] [2025-04-21T09:29:31.934Z] <<< [apiv2][status] GET https://cloudresourcemanager.googleapis.com/v1/projects/air-qulity-in-u 200
[debug] [2025-04-21T09:29:31.935Z] <<< [apiv2][body] GET https://cloudresourcemanager.googleapis.com/v1/projects/air-qulity-in-u {"projectNumber":"433092144908","projectId":"air-qulity-in-u","lifecycleState":"ACTIVE","name":"Air qulity in U","labels":{"firebase":"enabled","firebase-core":"disabled"},"createTime":"2025-04-17T10:41:19.811231Z"}
[info] i  functions: preparing codebase default for deployment 
[info] i  functions: ensuring required API cloudfunctions.googleapis.com is enabled... 
[debug] [2025-04-21T09:29:31.936Z] Checked if tokens are valid: true, expires at: 1745231368061
[debug] [2025-04-21T09:29:31.936Z] Checked if tokens are valid: true, expires at: 1745231368061
[debug] [2025-04-21T09:29:31.936Z] Checked if tokens are valid: true, expires at: 1745231368061
[debug] [2025-04-21T09:29:31.937Z] Checked if tokens are valid: true, expires at: 1745231368061
[info] i  functions: ensuring required API cloudbuild.googleapis.com is enabled... 
[debug] [2025-04-21T09:29:31.937Z] Checked if tokens are valid: true, expires at: 1745231368061
[debug] [2025-04-21T09:29:31.937Z] Checked if tokens are valid: true, expires at: 1745231368061
[info] i  artifactregistry: ensuring required API artifactregistry.googleapis.com is enabled... 
[debug] [2025-04-21T09:29:31.937Z] Checked if tokens are valid: true, expires at: 1745231368061
[debug] [2025-04-21T09:29:31.937Z] Checked if tokens are valid: true, expires at: 1745231368061
[debug] [2025-04-21T09:29:31.938Z] >>> [apiv2][query] GET https://serviceusage.googleapis.com/v1/projects/air-qulity-in-u/services/cloudfunctions.googleapis.com [none]
[debug] [2025-04-21T09:29:31.938Z] >>> [apiv2][(partial)header] GET https://serviceusage.googleapis.com/v1/projects/air-qulity-in-u/services/cloudfunctions.googleapis.com x-goog-quota-user=projects/air-qulity-in-u
[debug] [2025-04-21T09:29:31.939Z] >>> [apiv2][query] GET https://serviceusage.googleapis.com/v1/projects/air-qulity-in-u/services/runtimeconfig.googleapis.com [none]
[debug] [2025-04-21T09:29:31.939Z] >>> [apiv2][(partial)header] GET https://serviceusage.googleapis.com/v1/projects/air-qulity-in-u/services/runtimeconfig.googleapis.com x-goog-quota-user=projects/air-qulity-in-u
[debug] [2025-04-21T09:29:31.940Z] >>> [apiv2][query] GET https://serviceusage.googleapis.com/v1/projects/air-qulity-in-u/services/cloudbuild.googleapis.com [none]
[debug] [2025-04-21T09:29:31.940Z] >>> [apiv2][(partial)header] GET https://serviceusage.googleapis.com/v1/projects/air-qulity-in-u/services/cloudbuild.googleapis.com x-goog-quota-user=projects/air-qulity-in-u
[debug] [2025-04-21T09:29:31.941Z] >>> [apiv2][query] GET https://serviceusage.googleapis.com/v1/projects/air-qulity-in-u/services/artifactregistry.googleapis.com [none]
[debug] [2025-04-21T09:29:31.941Z] >>> [apiv2][(partial)header] GET https://serviceusage.googleapis.com/v1/projects/air-qulity-in-u/services/artifactregistry.googleapis.com x-goog-quota-user=projects/air-qulity-in-u
[debug] [2025-04-21T09:29:32.414Z] <<< [apiv2][status] GET https://serviceusage.googleapis.com/v1/projects/air-qulity-in-u/services/runtimeconfig.googleapis.com 200
[debug] [2025-04-21T09:29:32.414Z] <<< [apiv2][body] GET https://serviceusage.googleapis.com/v1/projects/air-qulity-in-u/services/runtimeconfig.googleapis.com [omitted]
[debug] [2025-04-21T09:29:33.402Z] <<< [apiv2][status] GET https://serviceusage.googleapis.com/v1/projects/air-qulity-in-u/services/cloudbuild.googleapis.com 200
[debug] [2025-04-21T09:29:33.403Z] <<< [apiv2][body] GET https://serviceusage.googleapis.com/v1/projects/air-qulity-in-u/services/cloudbuild.googleapis.com [omitted]
[info] +  functions: required API cloudbuild.googleapis.com is enabled 
[debug] [2025-04-21T09:29:33.410Z] <<< [apiv2][status] GET https://serviceusage.googleapis.com/v1/projects/air-qulity-in-u/services/artifactregistry.googleapis.com 200
[debug] [2025-04-21T09:29:33.410Z] <<< [apiv2][body] GET https://serviceusage.googleapis.com/v1/projects/air-qulity-in-u/services/artifactregistry.googleapis.com [omitted]
[info] +  artifactregistry: required API artifactregistry.googleapis.com is enabled 
[debug] [2025-04-21T09:29:33.423Z] <<< [apiv2][status] GET https://serviceusage.googleapis.com/v1/projects/air-qulity-in-u/services/cloudfunctions.googleapis.com 200
[debug] [2025-04-21T09:29:33.423Z] <<< [apiv2][body] GET https://serviceusage.googleapis.com/v1/projects/air-qulity-in-u/services/cloudfunctions.googleapis.com [omitted]
[info] +  functions: required API cloudfunctions.googleapis.com is enabled 
[debug] [2025-04-21T09:29:33.424Z] Checked if tokens are valid: true, expires at: 1745231368061
[debug] [2025-04-21T09:29:33.424Z] Checked if tokens are valid: true, expires at: 1745231368061
[debug] [2025-04-21T09:29:33.424Z] >>> [apiv2][query] GET https://firebase.googleapis.com/v1beta1/projects/air-qulity-in-u/adminSdkConfig [none]
[debug] [2025-04-21T09:29:34.805Z] <<< [apiv2][status] GET https://firebase.googleapis.com/v1beta1/projects/air-qulity-in-u/adminSdkConfig 200
[debug] [2025-04-21T09:29:34.806Z] <<< [apiv2][body] GET https://firebase.googleapis.com/v1beta1/projects/air-qulity-in-u/adminSdkConfig {"projectId":"air-qulity-in-u","databaseURL":"https://air-qulity-in-u-default-rtdb.asia-southeast1.firebasedatabase.app","storageBucket":"air-qulity-in-u.firebasestorage.app"}
[debug] [2025-04-21T09:29:34.806Z] Checked if tokens are valid: true, expires at: 1745231368061
[debug] [2025-04-21T09:29:34.806Z] Checked if tokens are valid: true, expires at: 1745231368061
[debug] [2025-04-21T09:29:34.806Z] >>> [apiv2][query] GET https://runtimeconfig.googleapis.com/v1beta1/projects/air-qulity-in-u/configs [none]
[debug] [2025-04-21T09:29:35.363Z] <<< [apiv2][status] GET https://runtimeconfig.googleapis.com/v1beta1/projects/air-qulity-in-u/configs 200
[debug] [2025-04-21T09:29:35.363Z] <<< [apiv2][body] GET https://runtimeconfig.googleapis.com/v1beta1/projects/air-qulity-in-u/configs {}
[debug] [2025-04-21T09:29:35.365Z] Validating nodejs source
[warn] !  functions: Runtime Node.js 18 will be deprecated on 2025-04-30 and will be decommissioned on 2025-10-31, after which you will not be able to deploy without upgrading. Consider upgrading now to avoid disruption. See https://cloud.google.com/functions/docs/runtime-support for full details on the lifecycle policy 
[debug] [2025-04-21T09:29:36.580Z] > [functions] package.json contents: {
  "name": "functions",
  "version": "1.0.0",
  "main": "index.js",
  "engines": {
    "node": "18"
  },
  "keywords": [],
  "author": "",
  "license": "ISC",
  "description": "",
  "dependencies": {
    "firebase-admin": "^13.2.0",
    "firebase-functions": "^6.3.2",
    "node-fetch": "^2.7.0"
  }
}
[debug] [2025-04-21T09:29:36.580Z] Building nodejs source
[info] i  functions: Loading and analyzing source code for codebase default to determine what to deploy 
[debug] [2025-04-21T09:29:36.581Z] Could not find functions.yaml. Must use http discovery
[debug] [2025-04-21T09:29:36.592Z] Found firebase-functions binary at 'D:\react\Air quality in University\functions\node_modules\.bin\firebase-functions'
[info] Serving at port 8659

[error] (node:8992) [DEP0040] DeprecationWarning: The `punycode` module is deprecated. Please use a userland alternative instead.
(Use `node --trace-deprecation ...` to show where the warning was created)

[debug] [2025-04-21T09:29:37.711Z] Got response from /__/functions.yaml {"endpoints":{"onNewSensorData":{"availableMemoryMb":null,"timeoutSeconds":null,"minInstances":null,"maxInstances":null,"ingressSettings":null,"concurrency":null,"serviceAccountEmail":null,"vpc":null,"platform":"gcfv2","labels":{},"eventTrigger":{"eventType":"google.cloud.firestore.document.v1.created","eventFilters":{"database":"(default)","namespace":"(default)"},"eventFilterPathPatterns":{"document":"sensor_data/{docId}"},"retry":false},"entryPoint":"onNewSensorData"},"backfillRainChance":{"availableMemoryMb":null,"timeoutSeconds":null,"minInstances":null,"maxInstances":null,"ingressSettings":null,"concurrency":null,"serviceAccountEmail":null,"vpc":null,"platform":"gcfv2","labels":{},"scheduleTrigger":{"schedule":"every day 01:05","retryConfig":{"retryCount":null,"maxDoublings":null,"maxRetrySeconds":null,"minBackoffSeconds":null,"maxBackoffSeconds":null},"timeZone":null},"entryPoint":"backfillRainChance"}},"specVersion":"v1alpha1","requiredAPIs":[{"api":"cloudscheduler.googleapis.com","reason":"Needed for scheduled functions."}],"extensions":{}}
[info] i  extensions: ensuring required API firebaseextensions.googleapis.com is enabled... 
[debug] [2025-04-21T09:29:41.766Z] Checked if tokens are valid: true, expires at: 1745231368061
[debug] [2025-04-21T09:29:41.766Z] Checked if tokens are valid: true, expires at: 1745231368061
[debug] [2025-04-21T09:29:41.766Z] >>> [apiv2][query] GET https://serviceusage.googleapis.com/v1/projects/air-qulity-in-u/services/firebaseextensions.googleapis.com [none]
[debug] [2025-04-21T09:29:41.766Z] >>> [apiv2][(partial)header] GET https://serviceusage.googleapis.com/v1/projects/air-qulity-in-u/services/firebaseextensions.googleapis.com x-goog-quota-user=projects/air-qulity-in-u
[debug] [2025-04-21T09:29:43.182Z] <<< [apiv2][status] GET https://serviceusage.googleapis.com/v1/projects/air-qulity-in-u/services/firebaseextensions.googleapis.com 200
[debug] [2025-04-21T09:29:43.182Z] <<< [apiv2][body] GET https://serviceusage.googleapis.com/v1/projects/air-qulity-in-u/services/firebaseextensions.googleapis.com [omitted]
[info] +  extensions: required API firebaseextensions.googleapis.com is enabled 
[debug] [2025-04-21T09:29:43.182Z] > command requires scopes: ["email","openid","https://www.googleapis.com/auth/cloudplatformprojects.readonly","https://www.googleapis.com/auth/firebase","https://www.googleapis.com/auth/cloud-platform"]
[debug] [2025-04-21T09:29:43.182Z] > authorizing via signed-in user (whyarethechamppion@gmail.com)
[debug] [2025-04-21T09:29:43.182Z] [iam] checking project air-qulity-in-u for permissions ["firebase.projects.get","firebaseextensions.instances.list"]
[debug] [2025-04-21T09:29:43.182Z] Checked if tokens are valid: true, expires at: 1745231368061
[debug] [2025-04-21T09:29:43.182Z] Checked if tokens are valid: true, expires at: 1745231368061
[debug] [2025-04-21T09:29:43.183Z] >>> [apiv2][query] POST https://cloudresourcemanager.googleapis.com/v1/projects/air-qulity-in-u:testIamPermissions [none]
[debug] [2025-04-21T09:29:43.183Z] >>> [apiv2][(partial)header] POST https://cloudresourcemanager.googleapis.com/v1/projects/air-qulity-in-u:testIamPermissions x-goog-quota-user=projects/air-qulity-in-u
[debug] [2025-04-21T09:29:43.183Z] >>> [apiv2][body] POST https://cloudresourcemanager.googleapis.com/v1/projects/air-qulity-in-u:testIamPermissions {"permissions":["firebase.projects.get","firebaseextensions.instances.list"]}
[debug] [2025-04-21T09:29:44.283Z] <<< [apiv2][status] POST https://cloudresourcemanager.googleapis.com/v1/projects/air-qulity-in-u:testIamPermissions 200
[debug] [2025-04-21T09:29:44.283Z] <<< [apiv2][body] POST https://cloudresourcemanager.googleapis.com/v1/projects/air-qulity-in-u:testIamPermissions {"permissions":["firebase.projects.get","firebaseextensions.instances.list"]}
[debug] [2025-04-21T09:29:44.284Z] Checked if tokens are valid: true, expires at: 1745231368061
[debug] [2025-04-21T09:29:44.284Z] Checked if tokens are valid: true, expires at: 1745231368061
[debug] [2025-04-21T09:29:44.284Z] >>> [apiv2][query] GET https://firebaseextensions.googleapis.com/v1beta/projects/air-qulity-in-u/instances pageSize=100&pageToken=
[debug] [2025-04-21T09:29:45.603Z] <<< [apiv2][status] GET https://firebaseextensions.googleapis.com/v1beta/projects/air-qulity-in-u/instances 200
[debug] [2025-04-21T09:29:45.603Z] <<< [apiv2][body] GET https://firebaseextensions.googleapis.com/v1beta/projects/air-qulity-in-u/instances {}
[info] i  functions: preparing functions directory for uploading... 
[info] i  functions: packaged D:\react\Air quality in University\functions (12.84 MB) for uploading 
[debug] [2025-04-21T09:29:54.963Z] Checked if tokens are valid: true, expires at: 1745231368061
[debug] [2025-04-21T09:29:54.964Z] Checked if tokens are valid: true, expires at: 1745231368061
[debug] [2025-04-21T09:29:54.964Z] >>> [apiv2][query] GET https://cloudfunctions.googleapis.com/v1/projects/air-qulity-in-u/locations/-/functions [none]
[debug] [2025-04-21T09:29:55.705Z] <<< [apiv2][status] GET https://cloudfunctions.googleapis.com/v1/projects/air-qulity-in-u/locations/-/functions 200
[debug] [2025-04-21T09:29:55.705Z] <<< [apiv2][body] GET https://cloudfunctions.googleapis.com/v1/projects/air-qulity-in-u/locations/-/functions {}
[debug] [2025-04-21T09:29:55.706Z] Checked if tokens are valid: true, expires at: 1745231368061
[debug] [2025-04-21T09:29:55.706Z] Checked if tokens are valid: true, expires at: 1745231368061
[debug] [2025-04-21T09:29:55.706Z] >>> [apiv2][query] GET https://cloudfunctions.googleapis.com/v2/projects/air-qulity-in-u/locations/-/functions filter=environment%3D%22GEN_2%22
[debug] [2025-04-21T09:29:57.272Z] <<< [apiv2][status] GET https://cloudfunctions.googleapis.com/v2/projects/air-qulity-in-u/locations/-/functions 200
[debug] [2025-04-21T09:29:57.272Z] <<< [apiv2][body] GET https://cloudfunctions.googleapis.com/v2/projects/air-qulity-in-u/locations/-/functions {"functions":[{"name":"projects/air-qulity-in-u/locations/us-central1/functions/trainModelDaily","buildConfig":{"build":"projects/433092144908/locations/us-central1/builds/cef0cee5-f3f3-4607-b729-c9a674d851ae","runtime":"nodejs18","entryPoint":"trainModelDaily","source":{"storageSource":{"bucket":"gcf-v2-sources-433092144908-us-central1","object":"trainModelDaily/function-source.zip","generation":"1745212850225377"}},"environmentVariables":{"GOOGLE_NODE_RUN_SCRIPTS":""},"dockerRepository":"projects/air-qulity-in-u/locations/us-central1/repositories/gcf-artifacts","sourceProvenance":{"resolvedStorageSource":{"bucket":"gcf-v2-sources-433092144908-us-central1","object":"trainModelDaily/function-source.zip","generation":"1745212850225377"}},"dockerRegistry":"ARTIFACT_REGISTRY","serviceAccount":"projects/air-qulity-in-u/serviceAccounts/433092144908-compute@developer.gserviceaccount.com","automaticUpdatePolicy":{}},"serviceConfig":{"service":"projects/air-qulity-in-u/locations/us-central1/services/trainmodeldaily","timeoutSeconds":60,"environmentVariables":{"FIREBASE_CONFIG":"{\"projectId\":\"air-qulity-in-u\",\"databaseURL\":\"https://air-qulity-in-u-default-rtdb.asia-southeast1.firebasedatabase.app\",\"storageBucket\":\"air-qulity-in-u.firebasestorage.app\"}","GCLOUD_PROJECT":"air-qulity-in-u","EVENTARC_CLOUD_EVENT_SOURCE":"projects/air-qulity-in-u/locations/us-central1/services/trainModelDaily","FUNCTION_TARGET":"trainModelDaily","LOG_EXECUTION_ID":"true"},"maxInstanceCount":40,"ingressSettings":"ALLOW_ALL","uri":"https://trainmodeldaily-xphwjubuoa-uc.a.run.app","serviceAccountEmail":"433092144908-compute@developer.gserviceaccount.com","availableMemory":"256Mi","allTrafficOnLatestRevision":true,"revision":"trainmodeldaily-00004-far","maxInstanceRequestConcurrency":80,"availableCpu":"1"},"state":"ACTIVE","updateTime":"2025-04-21T05:21:52.938648930Z","labels":{"deployment-tool":"cli-firebase","deployment-scheduled":"true","firebase-functions-hash":"39b9efdb5d6b268aae06998d0073aa2a27ad1276"},"environment":"GEN_2","url":"https://us-central1-air-qulity-in-u.cloudfunctions.net/trainModelDaily","createTime":"2025-04-18T15:35:24.036880145Z","satisfiesPzi":true}]}
[debug] [2025-04-21T09:29:57.274Z] Checked if tokens are valid: true, expires at: 1745231368061
[debug] [2025-04-21T09:29:57.274Z] Checked if tokens are valid: true, expires at: 1745231368061
[debug] [2025-04-21T09:29:57.274Z] >>> [apiv2][query] GET https://firestore.googleapis.com/v1/projects/air-qulity-in-u/databases/(default) [none]
[debug] [2025-04-21T09:29:57.483Z] <<< [apiv2][status] GET https://firestore.googleapis.com/v1/projects/air-qulity-in-u/databases/(default) 200
[debug] [2025-04-21T09:29:57.483Z] <<< [apiv2][body] GET https://firestore.googleapis.com/v1/projects/air-qulity-in-u/databases/(default) {"name":"projects/air-qulity-in-u/databases/(default)","uid":"a29e2d1d-945b-437e-abfe-cbefab87b1ac","createTime":"2025-04-18T10:50:50.051482Z","updateTime":"2025-04-18T10:50:50.051482Z","locationId":"asia-southeast1","type":"FIRESTORE_NATIVE","concurrencyMode":"PESSIMISTIC","versionRetentionPeriod":"3600s","earliestVersionTime":"2025-04-21T08:30:09.741233Z","appEngineIntegrationMode":"DISABLED","keyPrefix":"zas","pointInTimeRecoveryEnablement":"POINT_IN_TIME_RECOVERY_DISABLED","deleteProtectionState":"DELETE_PROTECTION_DISABLED","databaseEdition":"STANDARD","freeTier":true,"etag":"IOWum53o6IwDMKW924a14YwD"}
[info] i  functions: ensuring required API cloudscheduler.googleapis.com is enabled... 
[debug] [2025-04-21T09:29:57.485Z] Checked if tokens are valid: true, expires at: 1745231368061
[debug] [2025-04-21T09:29:57.485Z] Checked if tokens are valid: true, expires at: 1745231368061
[debug] [2025-04-21T09:29:57.485Z] >>> [apiv2][query] GET https://serviceusage.googleapis.com/v1/projects/air-qulity-in-u/services/cloudscheduler.googleapis.com [none]
[debug] [2025-04-21T09:29:57.485Z] >>> [apiv2][(partial)header] GET https://serviceusage.googleapis.com/v1/projects/air-qulity-in-u/services/cloudscheduler.googleapis.com x-goog-quota-user=projects/air-qulity-in-u
[debug] [2025-04-21T09:29:58.949Z] <<< [apiv2][status] GET https://serviceusage.googleapis.com/v1/projects/air-qulity-in-u/services/cloudscheduler.googleapis.com 200
[debug] [2025-04-21T09:29:58.949Z] <<< [apiv2][body] GET https://serviceusage.googleapis.com/v1/projects/air-qulity-in-u/services/cloudscheduler.googleapis.com [omitted]
[info] +  functions: required API cloudscheduler.googleapis.com is enabled 
[info] i  functions: ensuring required API run.googleapis.com is enabled... 
[debug] [2025-04-21T09:29:58.950Z] Checked if tokens are valid: true, expires at: 1745231368061
[debug] [2025-04-21T09:29:58.951Z] Checked if tokens are valid: true, expires at: 1745231368061
[info] i  functions: ensuring required API eventarc.googleapis.com is enabled... 
[debug] [2025-04-21T09:29:58.951Z] Checked if tokens are valid: true, expires at: 1745231368061
[debug] [2025-04-21T09:29:58.951Z] Checked if tokens are valid: true, expires at: 1745231368061
[info] i  functions: ensuring required API pubsub.googleapis.com is enabled... 
[debug] [2025-04-21T09:29:58.951Z] Checked if tokens are valid: true, expires at: 1745231368061
[debug] [2025-04-21T09:29:58.951Z] Checked if tokens are valid: true, expires at: 1745231368061
[info] i  functions: ensuring required API storage.googleapis.com is enabled... 
[debug] [2025-04-21T09:29:58.952Z] Checked if tokens are valid: true, expires at: 1745231368061
[debug] [2025-04-21T09:29:58.952Z] Checked if tokens are valid: true, expires at: 1745231368061
[debug] [2025-04-21T09:29:58.952Z] >>> [apiv2][query] GET https://serviceusage.googleapis.com/v1/projects/air-qulity-in-u/services/run.googleapis.com [none]
[debug] [2025-04-21T09:29:58.952Z] >>> [apiv2][(partial)header] GET https://serviceusage.googleapis.com/v1/projects/air-qulity-in-u/services/run.googleapis.com x-goog-quota-user=projects/air-qulity-in-u
[debug] [2025-04-21T09:29:58.952Z] >>> [apiv2][query] GET https://serviceusage.googleapis.com/v1/projects/air-qulity-in-u/services/eventarc.googleapis.com [none]
[debug] [2025-04-21T09:29:58.952Z] >>> [apiv2][(partial)header] GET https://serviceusage.googleapis.com/v1/projects/air-qulity-in-u/services/eventarc.googleapis.com x-goog-quota-user=projects/air-qulity-in-u
[debug] [2025-04-21T09:29:58.954Z] >>> [apiv2][query] GET https://serviceusage.googleapis.com/v1/projects/air-qulity-in-u/services/pubsub.googleapis.com [none]
[debug] [2025-04-21T09:29:58.954Z] >>> [apiv2][(partial)header] GET https://serviceusage.googleapis.com/v1/projects/air-qulity-in-u/services/pubsub.googleapis.com x-goog-quota-user=projects/air-qulity-in-u
[debug] [2025-04-21T09:29:58.955Z] >>> [apiv2][query] GET https://serviceusage.googleapis.com/v1/projects/air-qulity-in-u/services/storage.googleapis.com [none]
[debug] [2025-04-21T09:29:58.955Z] >>> [apiv2][(partial)header] GET https://serviceusage.googleapis.com/v1/projects/air-qulity-in-u/services/storage.googleapis.com x-goog-quota-user=projects/air-qulity-in-u
[debug] [2025-04-21T09:29:59.316Z] <<< [apiv2][status] GET https://serviceusage.googleapis.com/v1/projects/air-qulity-in-u/services/run.googleapis.com 200
[debug] [2025-04-21T09:29:59.316Z] <<< [apiv2][body] GET https://serviceusage.googleapis.com/v1/projects/air-qulity-in-u/services/run.googleapis.com [omitted]
[info] +  functions: required API run.googleapis.com is enabled 
[debug] [2025-04-21T09:29:59.592Z] <<< [apiv2][status] GET https://serviceusage.googleapis.com/v1/projects/air-qulity-in-u/services/storage.googleapis.com 200
[debug] [2025-04-21T09:29:59.592Z] <<< [apiv2][body] GET https://serviceusage.googleapis.com/v1/projects/air-qulity-in-u/services/storage.googleapis.com [omitted]
[info] +  functions: required API storage.googleapis.com is enabled 
[debug] [2025-04-21T09:30:00.383Z] <<< [apiv2][status] GET https://serviceusage.googleapis.com/v1/projects/air-qulity-in-u/services/eventarc.googleapis.com 200
[debug] [2025-04-21T09:30:00.383Z] <<< [apiv2][body] GET https://serviceusage.googleapis.com/v1/projects/air-qulity-in-u/services/eventarc.googleapis.com [omitted]
[info] +  functions: required API eventarc.googleapis.com is enabled 
[debug] [2025-04-21T09:30:00.386Z] <<< [apiv2][status] GET https://serviceusage.googleapis.com/v1/projects/air-qulity-in-u/services/pubsub.googleapis.com 200
[debug] [2025-04-21T09:30:00.386Z] <<< [apiv2][body] GET https://serviceusage.googleapis.com/v1/projects/air-qulity-in-u/services/pubsub.googleapis.com [omitted]
[info] +  functions: required API pubsub.googleapis.com is enabled 
[info] i  functions: generating the service identity for pubsub.googleapis.com... 
[debug] [2025-04-21T09:30:00.387Z] Checked if tokens are valid: true, expires at: 1745231368061
[debug] [2025-04-21T09:30:00.387Z] Checked if tokens are valid: true, expires at: 1745231368061
[info] i  functions: generating the service identity for eventarc.googleapis.com... 
[debug] [2025-04-21T09:30:00.387Z] Checked if tokens are valid: true, expires at: 1745231368061
[debug] [2025-04-21T09:30:00.387Z] Checked if tokens are valid: true, expires at: 1745231368061
[debug] [2025-04-21T09:30:00.387Z] >>> [apiv2][query] POST https://serviceusage.googleapis.com/v1beta1/projects/433092144908/services/pubsub.googleapis.com:generateServiceIdentity [none]
[debug] [2025-04-21T09:30:00.388Z] >>> [apiv2][query] POST https://serviceusage.googleapis.com/v1beta1/projects/433092144908/services/eventarc.googleapis.com:generateServiceIdentity [none]
[debug] [2025-04-21T09:30:00.836Z] <<< [apiv2][status] POST https://serviceusage.googleapis.com/v1beta1/projects/433092144908/services/pubsub.googleapis.com:generateServiceIdentity 200
[debug] [2025-04-21T09:30:00.836Z] <<< [apiv2][body] POST https://serviceusage.googleapis.com/v1beta1/projects/433092144908/services/pubsub.googleapis.com:generateServiceIdentity {"name":"operations/finished.DONE_OPERATION","done":true,"response":{"@type":"type.googleapis.com/google.api.serviceusage.v1beta1.ServiceIdentity","email":"service-433092144908@gcp-sa-pubsub.iam.gserviceaccount.com","uniqueId":"110559164813653658769"}}
[debug] [2025-04-21T09:30:00.876Z] <<< [apiv2][status] POST https://serviceusage.googleapis.com/v1beta1/projects/433092144908/services/eventarc.googleapis.com:generateServiceIdentity 200
[debug] [2025-04-21T09:30:00.876Z] <<< [apiv2][body] POST https://serviceusage.googleapis.com/v1beta1/projects/433092144908/services/eventarc.googleapis.com:generateServiceIdentity {"name":"operations/finished.DONE_OPERATION","done":true,"response":{"@type":"type.googleapis.com/google.api.serviceusage.v1beta1.ServiceIdentity","email":"service-433092144908@gcp-sa-eventarc.iam.gserviceaccount.com","uniqueId":"117138524749795528384"}}
[debug] [2025-04-21T09:30:00.877Z] Checked if tokens are valid: true, expires at: 1745231368061
[debug] [2025-04-21T09:30:00.878Z] Checked if tokens are valid: true, expires at: 1745231368061
[debug] [2025-04-21T09:30:00.878Z] >>> [apiv2][query] POST https://cloudresourcemanager.googleapis.com/v1/projects/433092144908:getIamPolicy [none]
[debug] [2025-04-21T09:30:02.162Z] <<< [apiv2][status] POST https://cloudresourcemanager.googleapis.com/v1/projects/433092144908:getIamPolicy 200
[debug] [2025-04-21T09:30:02.162Z] <<< [apiv2][body] POST https://cloudresourcemanager.googleapis.com/v1/projects/433092144908:getIamPolicy {"version":1,"etag":"BwYzD0Rmn3s=","bindings":[{"role":"roles/artifactregistry.serviceAgent","members":["serviceAccount:service-433092144908@gcp-sa-artifactregistry.iam.gserviceaccount.com"]},{"role":"roles/cloudbuild.builds.builder","members":["serviceAccount:433092144908@cloudbuild.gserviceaccount.com"]},{"role":"roles/cloudbuild.serviceAgent","members":["serviceAccount:service-433092144908@gcp-sa-cloudbuild.iam.gserviceaccount.com"]},{"role":"roles/cloudfunctions.serviceAgent","members":["serviceAccount:service-433092144908@gcf-admin-robot.iam.gserviceaccount.com"]},{"role":"roles/cloudscheduler.serviceAgent","members":["serviceAccount:service-433092144908@gcp-sa-cloudscheduler.iam.gserviceaccount.com"]},{"role":"roles/containerregistry.ServiceAgent","members":["serviceAccount:service-433092144908@containerregistry.iam.gserviceaccount.com"]},{"role":"roles/editor","members":["serviceAccount:433092144908-compute@developer.gserviceaccount.com","serviceAccount:433092144908@cloudservices.gserviceaccount.com","serviceAccount:air-qulity-in-u@appspot.gserviceaccount.com"]},{"role":"roles/firebase.managementServiceAgent","members":["serviceAccount:service-433092144908@gcp-sa-firebase.iam.gserviceaccount.com"]},{"role":"roles/firebase.sdkAdminServiceAgent","members":["serviceAccount:firebase-adminsdk-fbsvc@air-qulity-in-u.iam.gserviceaccount.com"]},{"role":"roles/firebasedatabase.admin","members":["serviceAccount:firebase-adminsdk-fbsvc@air-qulity-in-u.iam.gserviceaccount.com"]},{"role":"roles/firebasemods.serviceAgent","members":["serviceAccount:service-433092144908@gcp-sa-firebasemods.iam.gserviceaccount.com"]},{"role":"roles/firebaserules.system","members":["serviceAccount:service-433092144908@firebase-rules.iam.gserviceaccount.com"]},{"role":"roles/firestore.serviceAgent","members":["serviceAccount:service-433092144908@gcp-sa-firestore.iam.gserviceaccount.com"]},{"role":"roles/iam.serviceAccountTokenCreator","members":["serviceAccount:firebase-adminsdk-fbsvc@air-qulity-in-u.iam.gserviceaccount.com"]},{"role":"roles/owner","members":["user:whyarethechamppion@gmail.com"]},{"role":"roles/run.serviceAgent","members":["serviceAccount:service-433092144908@serverless-robot-prod.iam.gserviceaccount.com"]}]}
[debug] [2025-04-21T09:30:02.163Z] Checked if tokens are valid: true, expires at: 1745231368061
[debug] [2025-04-21T09:30:02.163Z] Checked if tokens are valid: true, expires at: 1745231368061
[debug] [2025-04-21T09:30:02.163Z] >>> [apiv2][query] POST https://cloudresourcemanager.googleapis.com/v1/projects/433092144908:setIamPolicy [none]
[debug] [2025-04-21T09:30:02.163Z] >>> [apiv2][body] POST https://cloudresourcemanager.googleapis.com/v1/projects/433092144908:setIamPolicy {"policy":{"version":1,"etag":"BwYzD0Rmn3s=","bindings":[{"role":"roles/artifactregistry.serviceAgent","members":["serviceAccount:service-433092144908@gcp-sa-artifactregistry.iam.gserviceaccount.com"]},{"role":"roles/cloudbuild.builds.builder","members":["serviceAccount:433092144908@cloudbuild.gserviceaccount.com"]},{"role":"roles/cloudbuild.serviceAgent","members":["serviceAccount:service-433092144908@gcp-sa-cloudbuild.iam.gserviceaccount.com"]},{"role":"roles/cloudfunctions.serviceAgent","members":["serviceAccount:service-433092144908@gcf-admin-robot.iam.gserviceaccount.com"]},{"role":"roles/cloudscheduler.serviceAgent","members":["serviceAccount:service-433092144908@gcp-sa-cloudscheduler.iam.gserviceaccount.com"]},{"role":"roles/containerregistry.ServiceAgent","members":["serviceAccount:service-433092144908@containerregistry.iam.gserviceaccount.com"]},{"role":"roles/editor","members":["serviceAccount:433092144908-compute@developer.gserviceaccount.com","serviceAccount:433092144908@cloudservices.gserviceaccount.com","serviceAccount:air-qulity-in-u@appspot.gserviceaccount.com"]},{"role":"roles/firebase.managementServiceAgent","members":["serviceAccount:service-433092144908@gcp-sa-firebase.iam.gserviceaccount.com"]},{"role":"roles/firebase.sdkAdminServiceAgent","members":["serviceAccount:firebase-adminsdk-fbsvc@air-qulity-in-u.iam.gserviceaccount.com"]},{"role":"roles/firebasedatabase.admin","members":["serviceAccount:firebase-adminsdk-fbsvc@air-qulity-in-u.iam.gserviceaccount.com"]},{"role":"roles/firebasemods.serviceAgent","members":["serviceAccount:service-433092144908@gcp-sa-firebasemods.iam.gserviceaccount.com"]},{"role":"roles/firebaserules.system","members":["serviceAccount:service-433092144908@firebase-rules.iam.gserviceaccount.com"]},{"role":"roles/firestore.serviceAgent","members":["serviceAccount:service-433092144908@gcp-sa-firestore.iam.gserviceaccount.com"]},{"role":"roles/iam.serviceAccountTokenCreator","members":["serviceAccount:firebase-adminsdk-fbsvc@air-qulity-in-u.iam.gserviceaccount.com","serviceAccount:service-433092144908@gcp-sa-pubsub.iam.gserviceaccount.com"]},{"role":"roles/owner","members":["user:whyarethechamppion@gmail.com"]},{"role":"roles/run.serviceAgent","members":["serviceAccount:service-433092144908@serverless-robot-prod.iam.gserviceaccount.com"]},{"role":"roles/run.invoker","members":["serviceAccount:433092144908-compute@developer.gserviceaccount.com"]},{"role":"roles/eventarc.eventReceiver","members":["serviceAccount:433092144908-compute@developer.gserviceaccount.com"]}]},"updateMask":"bindings"}
[debug] [2025-04-21T09:30:03.292Z] <<< [apiv2][status] POST https://cloudresourcemanager.googleapis.com/v1/projects/433092144908:setIamPolicy 200
[debug] [2025-04-21T09:30:03.292Z] <<< [apiv2][body] POST https://cloudresourcemanager.googleapis.com/v1/projects/433092144908:setIamPolicy {"version":1,"etag":"BwYzRoP93Zo=","bindings":[{"role":"roles/artifactregistry.serviceAgent","members":["serviceAccount:service-433092144908@gcp-sa-artifactregistry.iam.gserviceaccount.com"]},{"role":"roles/cloudbuild.builds.builder","members":["serviceAccount:433092144908@cloudbuild.gserviceaccount.com"]},{"role":"roles/cloudbuild.serviceAgent","members":["serviceAccount:service-433092144908@gcp-sa-cloudbuild.iam.gserviceaccount.com"]},{"role":"roles/cloudfunctions.serviceAgent","members":["serviceAccount:service-433092144908@gcf-admin-robot.iam.gserviceaccount.com"]},{"role":"roles/cloudscheduler.serviceAgent","members":["serviceAccount:service-433092144908@gcp-sa-cloudscheduler.iam.gserviceaccount.com"]},{"role":"roles/containerregistry.ServiceAgent","members":["serviceAccount:service-433092144908@containerregistry.iam.gserviceaccount.com"]},{"role":"roles/editor","members":["serviceAccount:433092144908-compute@developer.gserviceaccount.com","serviceAccount:433092144908@cloudservices.gserviceaccount.com","serviceAccount:air-qulity-in-u@appspot.gserviceaccount.com"]},{"role":"roles/eventarc.eventReceiver","members":["serviceAccount:433092144908-compute@developer.gserviceaccount.com"]},{"role":"roles/firebase.managementServiceAgent","members":["serviceAccount:service-433092144908@gcp-sa-firebase.iam.gserviceaccount.com"]},{"role":"roles/firebase.sdkAdminServiceAgent","members":["serviceAccount:firebase-adminsdk-fbsvc@air-qulity-in-u.iam.gserviceaccount.com"]},{"role":"roles/firebasedatabase.admin","members":["serviceAccount:firebase-adminsdk-fbsvc@air-qulity-in-u.iam.gserviceaccount.com"]},{"role":"roles/firebasemods.serviceAgent","members":["serviceAccount:service-433092144908@gcp-sa-firebasemods.iam.gserviceaccount.com"]},{"role":"roles/firebaserules.system","members":["serviceAccount:service-433092144908@firebase-rules.iam.gserviceaccount.com"]},{"role":"roles/firestore.serviceAgent","members":["serviceAccount:service-433092144908@gcp-sa-firestore.iam.gserviceaccount.com"]},{"role":"roles/iam.serviceAccountTokenCreator","members":["serviceAccount:firebase-adminsdk-fbsvc@air-qulity-in-u.iam.gserviceaccount.com","serviceAccount:service-433092144908@gcp-sa-pubsub.iam.gserviceaccount.com"]},{"role":"roles/owner","members":["user:whyarethechamppion@gmail.com"]},{"role":"roles/run.invoker","members":["serviceAccount:433092144908-compute@developer.gserviceaccount.com"]},{"role":"roles/run.serviceAgent","members":["serviceAccount:service-433092144908@serverless-robot-prod.iam.gserviceaccount.com"]}]}
[debug] [2025-04-21T09:30:03.293Z] Checked if tokens are valid: true, expires at: 1745231368061
[debug] [2025-04-21T09:30:03.293Z] Checked if tokens are valid: true, expires at: 1745231368061
[debug] [2025-04-21T09:30:03.293Z] >>> [apiv2][query] GET https://cloudresourcemanager.googleapis.com/v1/projects/air-qulity-in-u [none]
[debug] [2025-04-21T09:30:03.565Z] <<< [apiv2][status] GET https://cloudresourcemanager.googleapis.com/v1/projects/air-qulity-in-u 200
[debug] [2025-04-21T09:30:03.565Z] <<< [apiv2][body] GET https://cloudresourcemanager.googleapis.com/v1/projects/air-qulity-in-u {"projectNumber":"433092144908","projectId":"air-qulity-in-u","lifecycleState":"ACTIVE","name":"Air qulity in U","labels":{"firebase":"enabled","firebase-core":"disabled"},"createTime":"2025-04-17T10:41:19.811231Z"}
[debug] [2025-04-21T09:30:03.568Z] Checked if tokens are valid: true, expires at: 1745231368061
[debug] [2025-04-21T09:30:03.568Z] Checked if tokens are valid: true, expires at: 1745231368061
[debug] [2025-04-21T09:30:03.568Z] >>> [apiv2][query] GET https://cloudbilling.googleapis.com/v1/projects/air-qulity-in-u/billingInfo [none]
[debug] [2025-04-21T09:30:04.975Z] <<< [apiv2][status] GET https://cloudbilling.googleapis.com/v1/projects/air-qulity-in-u/billingInfo 200
[debug] [2025-04-21T09:30:04.975Z] <<< [apiv2][body] GET https://cloudbilling.googleapis.com/v1/projects/air-qulity-in-u/billingInfo {"name":"projects/air-qulity-in-u/billingInfo","projectId":"air-qulity-in-u","billingAccountName":"billingAccounts/01B8BB-A54D4C-EA828E","billingEnabled":true}
[debug] [2025-04-21T09:30:04.977Z] Checked if tokens are valid: true, expires at: 1745231368061
[debug] [2025-04-21T09:30:04.977Z] Checked if tokens are valid: true, expires at: 1745231368061
[debug] [2025-04-21T09:30:04.977Z] >>> [apiv2][query] POST https://cloudfunctions.googleapis.com/v2/projects/air-qulity-in-u/locations/us-central1/functions:generateUploadUrl [none]
[debug] [2025-04-21T09:30:06.376Z] <<< [apiv2][status] POST https://cloudfunctions.googleapis.com/v2/projects/air-qulity-in-u/locations/us-central1/functions:generateUploadUrl 200
[debug] [2025-04-21T09:30:06.376Z] <<< [apiv2][body] POST https://cloudfunctions.googleapis.com/v2/projects/air-qulity-in-u/locations/us-central1/functions:generateUploadUrl {"uploadUrl":"https://storage.googleapis.com/gcf-v2-uploads-433092144908.us-central1.cloudfunctions.appspot.com/49cd000a-253a-4bcb-a0ca-e01f955f58a4.zip?GoogleAccessId=service-433092144908@gcf-admin-robot.iam.gserviceaccount.com&Expires=1745229618&Signature=eMzi%2FLCMP8jMBFD20caBQnXFCduL7yDZSqx6C89neNwUGHKIsBpuuKfj7X0nGXVDb6SDBZlQL9q9DEtJjWzGCmL8HpPIXxbT76vJ4jTE5s4iySIY2SK5zjTtmPPzMLYCqLbTHIVfE3KqgslGX3gH1NR24q%2FBWo85cmQ4f%2F58NobTnAVq0H1IHSyLd2jcHhtS4kOt7OJRCgaDW%2B3VhgWigqcH6cWBjNrWXXIO80XaxImQljUiEnTMnb5%2FjlSk84%2BrCGZRx9N9M1uNyO6Thnn9E3KMXnpMV4V7QkMcQptJiQuyYt6TNVXd2HsGhm1CImLmIYsD8EoxQh7HAf37OwOsmQ%3D%3D","storageSource":{"bucket":"gcf-v2-uploads-433092144908.us-central1.cloudfunctions.appspot.com","object":"49cd000a-253a-4bcb-a0ca-e01f955f58a4.zip"}}
[debug] [2025-04-21T09:30:06.377Z] >>> [apiv2][query] PUT https://storage.googleapis.com/gcf-v2-uploads-433092144908.us-central1.cloudfunctions.appspot.com/49cd000a-253a-4bcb-a0ca-e01f955f58a4.zip GoogleAccessId=service-433092144908%40gcf-admin-robot.iam.gserviceaccount.com&Expires=1745229618&Signature=eMzi%2FLCMP8jMBFD20caBQnXFCduL7yDZSqx6C89neNwUGHKIsBpuuKfj7X0nGXVDb6SDBZlQL9q9DEtJjWzGCmL8HpPIXxbT76vJ4jTE5s4iySIY2SK5zjTtmPPzMLYCqLbTHIVfE3KqgslGX3gH1NR24q%2FBWo85cmQ4f%2F58NobTnAVq0H1IHSyLd2jcHhtS4kOt7OJRCgaDW%2B3VhgWigqcH6cWBjNrWXXIO80XaxImQljUiEnTMnb5%2FjlSk84%2BrCGZRx9N9M1uNyO6Thnn9E3KMXnpMV4V7QkMcQptJiQuyYt6TNVXd2HsGhm1CImLmIYsD8EoxQh7HAf37OwOsmQ%3D%3D
[debug] [2025-04-21T09:30:06.377Z] >>> [apiv2][body] PUT https://storage.googleapis.com/gcf-v2-uploads-433092144908.us-central1.cloudfunctions.appspot.com/49cd000a-253a-4bcb-a0ca-e01f955f58a4.zip [stream]
[debug] [2025-04-21T09:30:10.737Z] <<< [apiv2][status] PUT https://storage.googleapis.com/gcf-v2-uploads-433092144908.us-central1.cloudfunctions.appspot.com/49cd000a-253a-4bcb-a0ca-e01f955f58a4.zip 200
[debug] [2025-04-21T09:30:10.737Z] <<< [apiv2][body] PUT https://storage.googleapis.com/gcf-v2-uploads-433092144908.us-central1.cloudfunctions.appspot.com/49cd000a-253a-4bcb-a0ca-e01f955f58a4.zip [omitted]
[info] +  functions: functions folder uploaded successfully 
[info] 
The following functions are found in your project but do not exist in your local source code:
	trainModelDaily(us-central1)

If you are renaming a function or changing its region, it is recommended that you create the new function first before deleting the old one to prevent event loss. For more info, visit https://firebase.google.com/docs/functions/manage-functions#modify

