[debug] [2025-04-18T14:21:16.522Z] ----------------------------------------------------------------------
[debug] [2025-04-18T14:21:16.527Z] Command:       C:\Program Files\nodejs\node.exe C:\Users\Admin\AppData\Roaming\npm\node_modules\firebase-tools\lib\bin\firebase.js init functions
[debug] [2025-04-18T14:21:16.528Z] CLI Version:   14.2.0
[debug] [2025-04-18T14:21:16.528Z] Platform:      win32
[debug] [2025-04-18T14:21:16.528Z] Node Version:  v22.13.0
[debug] [2025-04-18T14:21:16.529Z] Time:          Fri Apr 18 2025 21:21:16 GMT+0700 (เวลาอินโดจีน)
[debug] [2025-04-18T14:21:16.529Z] ----------------------------------------------------------------------
[debug] 
[debug] [2025-04-18T14:21:17.001Z] > command requires scopes: ["email","openid","https://www.googleapis.com/auth/cloudplatformprojects.readonly","https://www.googleapis.com/auth/firebase","https://www.googleapis.com/auth/cloud-platform"]
[debug] [2025-04-18T14:21:17.002Z] > authorizing via signed-in user (whyarethechamppion@gmail.com)
[info] 
     ######## #### ########  ######## ########     ###     ######  ########
     ##        ##  ##     ## ##       ##     ##  ##   ##  ##       ##
     ######    ##  ########  ######   ########  #########  ######  ######
     ##        ##  ##    ##  ##       ##     ## ##     ##       ## ##
     ##       #### ##     ## ######## ########  ##     ##  ######  ########

You're about to initialize a Firebase project in this directory:

  D:\react\Air quality in University

Before we get started, keep in mind:

  * You are initializing within an existing Firebase project directory

[info] 
=== Project Setup
[info] 
[info] First, let's associate this project directory with a Firebase project.
[info] You can create multiple project aliases by running firebase use --add, 
[info] but for now we'll just set up a default project.
[info] 
[debug] [2025-04-18T14:22:04.137Z] Using project from CLI flag: air-quality-in-university
[debug] [2025-04-18T14:22:04.139Z] Checked if tokens are valid: true, expires at: 1744989523229
[debug] [2025-04-18T14:22:04.139Z] Checked if tokens are valid: true, expires at: 1744989523229
[debug] [2025-04-18T14:22:04.141Z] >>> [apiv2][query] GET https://firebase.googleapis.com/v1beta1/projects/air-quality-in-university [none]
[debug] [2025-04-18T14:22:04.809Z] <<< [apiv2][status] GET https://firebase.googleapis.com/v1beta1/projects/air-quality-in-university 403
[debug] [2025-04-18T14:22:04.809Z] <<< [apiv2][body] GET https://firebase.googleapis.com/v1beta1/projects/air-quality-in-university {"error":{"code":403,"message":"The caller does not have permission","status":"PERMISSION_DENIED"}}
[debug] [2025-04-18T14:22:04.810Z] Request to https://firebase.googleapis.com/v1beta1/projects/air-quality-in-university had HTTP Error: 403, The caller does not have permission
[debug] [2025-04-18T14:22:04.936Z] FirebaseError: Request to https://firebase.googleapis.com/v1beta1/projects/air-quality-in-university had HTTP Error: 403, The caller does not have permission
    at responseToError (C:\Users\Admin\AppData\Roaming\npm\node_modules\firebase-tools\lib\responseToError.js:52:12)
    at RetryOperation._fn (C:\Users\Admin\AppData\Roaming\npm\node_modules\firebase-tools\lib\apiv2.js:312:77)
    at process.processTicksAndRejections (node:internal/process/task_queues:105:5)
[error] 
[error] Error: Failed to get Firebase project air-quality-in-university. Please make sure the project exists and your account has permission to access it.
